#
# A fatal error has been detected by the Java Runtime Environment:
#
#  EXCEPTION_UNCAUGHT_CXX_EXCEPTION (0xe06d7363) at pc=0x00007ffc3e144f69, pid=21484, tid=6752
#
# JRE version: Java(TM) SE Runtime Environment 18.9 (11.0.10+8) (build 11.0.10+8-LTS-162)
# Java VM: Java HotSpot(TM) 64-Bit Server VM 18.9 (11.0.10+8-LTS-162, mixed mode, tiered, compressed oops, g1 gc, windows-amd64)
# Problematic frame:
# C  [KERNELBASE.dll+0x34f69]
#
# No core dump will be written. Minidumps are not enabled by default on client versions of Windows
#
# If you would like to submit a bug report, please visit:
#   https://bugreport.java.com/bugreport/crash.jsp
# The crash happened outside the Java Virtual Machine in native code.
# See problematic frame for where to report the bug.
#

---------------  S U M M A R Y ------------

Command Line: -Xcheck:jni 

Host: Intel(R) Core(TM) i5-10300H CPU @ 2.50GHz, 8 cores, 7G,  Windows 10 , 64 bit Build 19041 (10.0.19041.1348)
Time: Fri Nov 19 13:08:29 2021 Hora oficial do Brasil elapsed time: 5.094841 seconds (0d 0h 0m 5s)

---------------  T H R E A D  ---------------

Current thread (0x0000021c75aae800):  JavaThread "Timer-19" [_thread_in_native, id=6752, stack(0x000000cd31250000,0x000000cd31a50000)]

Stack: [0x000000cd31250000,0x000000cd31a50000],  sp=0x000000cd31a4e490,  free space=8185k
Native frames: (J=compiled Java code, j=interpreted, Vv=VM code, C=native code)
C  [KERNELBASE.dll+0x34f69]
C  [godot.windows.opt.tools.64.exe+0x23bef44]
C  [godot.windows.opt.tools.64.exe+0x23c0b4d]
C  [godot.windows.opt.tools.64.exe+0x1876a1f]
C  [godot.windows.opt.tools.64.exe+0x665b2a]
C  0x0000021c5c7b5da0

Java frames: (J=compiled Java code, j=interpreted, Vv=VM code)
J 543  godot.core.TransferContext.icall(JII)V (0 bytes) @ 0x0000021c5c7b5d00 [0x0000021c5c7b5cc0+0x0000000000000040]
J 542 c1 godot.core.TransferContext.callMethod(JILgodot/core/VariantType;)V (19 bytes) @ 0x0000021c5534757c [0x0000021c55347240+0x000000000000033c]
j  godot.Node2D.getPosition()Lgodot/core/Vector2;+23
j  com.example.game.environment.Apple2D.getPos()Lgodot/core/Vector2;+1
j  com.example.game.cst.codelets.behaviors.GoToClosestApple.proc()V+33
j  br.unicamp.cst.core.entities.Codelet$CodeletTimerTask.run()V+67
j  java.util.TimerThread.mainLoop()V+221 java.base@11.0.10
j  java.util.TimerThread.run()V+1 java.base@11.0.10
v  ~StubRoutines::call_stub

siginfo: EXCEPTION_UNCAUGHT_CXX_EXCEPTION (0xe06d7363), ExceptionInformation=0x0000000019930520 0x000000cd31a4e600 0x00007ff7f29fff70 0x00007ff7ef0d0000 


Register to memory mapping:

RIP=0x00007ffc3e144f69 KERNELBASE.dll
RAX=0x000000cd31a4e5d0 is pointing into the stack for thread: 0x0000021c75aae800
RBX=0x00007ff7f29fff70 godot.windows.opt.tools.64.exe
RCX=0x000000cd31a4de01 is pointing into the stack for thread: 0x0000021c75aae800
RDX=0x000000cd31a4d770 is pointing into the stack for thread: 0x0000021c75aae800
RSP=0x000000cd31a4e490 is pointing into the stack for thread: 0x0000021c75aae800
RBP=0x0 is NULL
RSI=0x000000cd31a4e600 is pointing into the stack for thread: 0x0000021c75aae800
RDI=0x0000000019930520 is an unknown value
R8 =0x00007ff7f1490a0c godot.windows.opt.tools.64.exe
R9 =0x00007ff7f1490b72 godot.windows.opt.tools.64.exe
R10=0x00007ff7ef0d0000 godot.windows.opt.tools.64.exe
R11=0x00007ff7f310509c godot.windows.opt.tools.64.exe
R12=0x00007ff7f2f8ce20 godot.windows.opt.tools.64.exe
R13=0x0 is NULL
R14=0x0 is NULL
R15=0x00007ff7f2f90ad0 godot.windows.opt.tools.64.exe


Registers:
RAX=0x000000cd31a4e5d0, RBX=0x00007ff7f29fff70, RCX=0x000000cd31a4de01, RDX=0x000000cd31a4d770
RSP=0x000000cd31a4e490, RBP=0x0000000000000000, RSI=0x000000cd31a4e600, RDI=0x0000000019930520
R8 =0x00007ff7f1490a0c, R9 =0x00007ff7f1490b72, R10=0x00007ff7ef0d0000, R11=0x00007ff7f310509c
R12=0x00007ff7f2f8ce20, R13=0x0000000000000000, R14=0x0000000000000000, R15=0x00007ff7f2f90ad0
RIP=0x00007ffc3e144f69, EFLAGS=0x0000000000000206

Top of Stack: (sp=0x000000cd31a4e490)
0x000000cd31a4e490:   000000cd31a4e598 00007ff7f29fff70
0x000000cd31a4e4a0:   000000cd31a4e600 00007ffbc4e9551f
0x000000cd31a4e4b0:   00000001e06d7363 0000000000000000
0x000000cd31a4e4c0:   00007ffc3e144f69 00007ffb00000004
0x000000cd31a4e4d0:   0000000019930520 000000cd31a4e600
0x000000cd31a4e4e0:   00007ff7f29fff70 00007ff7ef0d0000
0x000000cd31a4e4f0:   0000000000000000 00007ff7f2f8ce20
0x000000cd31a4e500:   000000cd31a4e600 0000000000000000
0x000000cd31a4e510:   000000cd31a4e590 00007ffc403c4a5f
0x000000cd31a4e520:   0000000019930520 00007ffb00000000
0x000000cd31a4e530:   000000008a57df40 00007ffbc499748a
0x000000cd31a4e540:   00007ff7f3033000 00007ff7ef0d0000
0x000000cd31a4e550:   0000da8f9025f9a6 0000000000000000
0x000000cd31a4e560:   00007ff7f29fff70 00007ff7f148ef44
0x000000cd31a4e570:   000000000000f930 00007ffbc4b621fd
0x000000cd31a4e580:   0000000000000004 00007ffbc4c03d1c 

Instructions: (pc=0x00007ffc3e144f69)
0x00007ffc3e144f49:   8b d1 44 0f 47 c0 44 89 44 24 38 49 c1 e0 03 e8
0x00007ffc3e144f59:   1a d5 05 00 48 8d 4c 24 20 48 ff 15 8f 9d 18 00
0x00007ffc3e144f69:   0f 1f 44 00 00 48 8b 8c 24 c0 00 00 00 48 33 cc
0x00007ffc3e144f79:   e8 52 97 05 00 48 81 c4 d8 00 00 00 c3 cc 83 64 


Stack slot to memory mapping:
stack at sp + 0 slots: 0x000000cd31a4e598 is pointing into the stack for thread: 0x0000021c75aae800
stack at sp + 1 slots: 0x00007ff7f29fff70 godot.windows.opt.tools.64.exe
stack at sp + 2 slots: 0x000000cd31a4e600 is pointing into the stack for thread: 0x0000021c75aae800
stack at sp + 3 slots: 0x00007ffbc4e9551f jvm.dll
stack at sp + 4 slots: 0x00000001e06d7363 is an unknown value
stack at sp + 5 slots: 0x0 is NULL
stack at sp + 6 slots: 0x00007ffc3e144f69 KERNELBASE.dll
stack at sp + 7 slots: 0x00007ffb00000004 is an unknown value


---------------  P R O C E S S  ---------------

Threads class SMR info:
_java_thread_list=0x0000021c758d5970, length=21, elements={
0x0000021c4684d800, 0x0000021c46a6b000, 0x0000021c6bc93800, 0x0000021c6bcc2800,
0x0000021c6bcc3800, 0x0000021c6bccc800, 0x0000021c6bcce000, 0x0000021c6bcd1800,
0x0000021c6bdcd000, 0x0000021c6be53000, 0x0000021c6bf02800, 0x0000021c75a20800,
0x0000021c75aaf800, 0x0000021c75aad800, 0x0000021c75aac000, 0x0000021c75aad000,
0x0000021c75ab1000, 0x0000021c75ab2800, 0x0000021c75ab3800, 0x0000021c75ab4800,
0x0000021c75aae800
}

Java Threads: ( => current thread )
  0x0000021c4684d800 JavaThread "main" [_thread_in_native, id=16008, stack(0x000000cd1e200000,0x000000cd1ea00000)]
  0x0000021c46a6b000 JavaThread "Reference Handler" daemon [_thread_blocked, id=17108, stack(0x000000cd29250000,0x000000cd29a50000)]
  0x0000021c6bc93800 JavaThread "Finalizer" daemon [_thread_blocked, id=15660, stack(0x000000cd29a50000,0x000000cd2a250000)]
  0x0000021c6bcc2800 JavaThread "Signal Dispatcher" daemon [_thread_blocked, id=10928, stack(0x000000cd2a250000,0x000000cd2aa50000)]
  0x0000021c6bcc3800 JavaThread "Attach Listener" daemon [_thread_blocked, id=22164, stack(0x000000cd2aa50000,0x000000cd2b250000)]
  0x0000021c6bccc800 JavaThread "C2 CompilerThread0" daemon [_thread_blocked, id=6164, stack(0x000000cd2b250000,0x000000cd2ba50000)]
  0x0000021c6bcce000 JavaThread "C1 CompilerThread0" daemon [_thread_blocked, id=15468, stack(0x000000cd2ba50000,0x000000cd2c250000)]
  0x0000021c6bcd1800 JavaThread "Sweeper thread" daemon [_thread_blocked, id=2680, stack(0x000000cd2c250000,0x000000cd2ca50000)]
  0x0000021c6bdcd000 JavaThread "Service Thread" daemon [_thread_blocked, id=20872, stack(0x000000cd2ca50000,0x000000cd2d250000)]
  0x0000021c6be53000 JavaThread "Common-Cleaner" daemon [_thread_blocked, id=14816, stack(0x000000cd2da50000,0x000000cd2e250000)]
  0x0000021c6bf02800 JavaThread "pool-1-thread-1" [_thread_blocked, id=20484, stack(0x000000cd2e250000,0x000000cd2ea50000)]
  0x0000021c75a20800 JavaThread "Timer-10" [_thread_blocked, id=4524, stack(0x000000cd38a50000,0x000000cd39250000)]
  0x0000021c75aaf800 JavaThread "Timer-11" [_thread_blocked, id=8216, stack(0x000000cd39a50000,0x000000cd3a250000)]
  0x0000021c75aad800 JavaThread "Timer-15" [_thread_blocked, id=3364, stack(0x000000cd3a250000,0x000000cd3aa50000)]
  0x0000021c75aac000 JavaThread "Timer-14" [_thread_blocked, id=10072, stack(0x000000cd3aa50000,0x000000cd3b250000)]
  0x0000021c75aad000 JavaThread "Timer-12" [_thread_in_native, id=9772, stack(0x000000cd3b250000,0x000000cd3ba50000)]
  0x0000021c75ab1000 JavaThread "Timer-13" [_thread_blocked, id=11364, stack(0x000000cd3ba50000,0x000000cd3c250000)]
  0x0000021c75ab2800 JavaThread "Timer-17" [_thread_blocked, id=20880, stack(0x000000cd3ca50000,0x000000cd3d250000)]
  0x0000021c75ab3800 JavaThread "Timer-18" [_thread_blocked, id=3876, stack(0x000000cd33a50000,0x000000cd34250000)]
  0x0000021c75ab4800 JavaThread "Timer-16" [_thread_blocked, id=22200, stack(0x000000cd33250000,0x000000cd33a50000)]
=>0x0000021c75aae800 JavaThread "Timer-19" [_thread_in_native, id=6752, stack(0x000000cd31250000,0x000000cd31a50000)]

Other Threads:
  0x0000021c46a6a000 VMThread "VM Thread" [stack: 0x000000cd28a50000,0x000000cd29250000] [id=19480]
  0x0000021c6be05800 WatcherThread [stack: 0x000000cd2d250000,0x000000cd2da50000] [id=14696]
  0x0000021c4688c800 GCTaskThread "GC Thread#0" [stack: 0x000000cd26250000,0x000000cd26a50000] [id=12964]
  0x0000021c6c8a0800 GCTaskThread "GC Thread#1" [stack: 0x000000cd2f250000,0x000000cd2fa50000] [id=5656]
  0x0000021c6c87d000 GCTaskThread "GC Thread#2" [stack: 0x000000cd2fa50000,0x000000cd30250000] [id=21308]
  0x0000021c6c87e000 GCTaskThread "GC Thread#3" [stack: 0x000000cd30250000,0x000000cd30a50000] [id=12160]
  0x0000021c468c0000 ConcurrentGCThread "G1 Main Marker" [stack: 0x000000cd26a50000,0x000000cd27250000] [id=20188]
  0x0000021c468c5000 ConcurrentGCThread "G1 Conc#0" [stack: 0x000000cd27250000,0x000000cd27a50000] [id=5852]
  0x0000021c46960000 ConcurrentGCThread "G1 Refine#0" [stack: 0x000000cd27a50000,0x000000cd28250000] [id=18620]
  0x0000021c46961000 ConcurrentGCThread "G1 Young RemSet Sampling" [stack: 0x000000cd28250000,0x000000cd28a50000] [id=21332]

Threads with active compile tasks:

VM state:not at safepoint (normal execution)

VM Mutex/Monitor currently owned by a thread: None

Heap address: 0x0000000083200000, size: 1998 MB, Compressed Oops mode: 32-bit
Narrow klass base: 0x0000000000000000, Narrow klass shift: 3
Compressed class space size: 1073741824 Address: 0x0000000100000000

Heap:
 garbage-first heap   total 129024K, used 16837K [0x0000000083200000, 0x0000000100000000)
  region size 1024K, 16 young (16384K), 2 survivors (2048K)
 Metaspace       used 17942K, capacity 18064K, committed 18176K, reserved 1064960K
  class space    used 2518K, capacity 2556K, committed 2560K, reserved 1048576K
Heap Regions: E=young(eden), S=young(survivor), O=old, HS=humongous(starts), HC=humongous(continues), CS=collection set, F=free, A=archive, TAMS=top-at-mark-start (previous, next)
|   0|0x0000000083200000, 0x0000000083300000, 0x0000000083300000|100%|HS|  |TAMS 0x0000000083200000, 0x0000000083200000| Complete 
|   1|0x0000000083300000, 0x0000000083400000, 0x0000000083400000|100%|HC|  |TAMS 0x0000000083300000, 0x0000000083300000| Complete 
|   2|0x0000000083400000, 0x0000000083400000, 0x0000000083500000|  0%| F|  |TAMS 0x0000000083400000, 0x0000000083400000| Untracked 
|   3|0x0000000083500000, 0x0000000083500000, 0x0000000083600000|  0%| F|  |TAMS 0x0000000083500000, 0x0000000083500000| Untracked 
|   4|0x0000000083600000, 0x0000000083600000, 0x0000000083700000|  0%| F|  |TAMS 0x0000000083600000, 0x0000000083600000| Untracked 
|   5|0x0000000083700000, 0x0000000083700000, 0x0000000083800000|  0%| F|  |TAMS 0x0000000083700000, 0x0000000083700000| Untracked 
|   6|0x0000000083800000, 0x0000000083800000, 0x0000000083900000|  0%| F|  |TAMS 0x0000000083800000, 0x0000000083800000| Untracked 
|   7|0x0000000083900000, 0x0000000083900000, 0x0000000083a00000|  0%| F|  |TAMS 0x0000000083900000, 0x0000000083900000| Untracked 
|   8|0x0000000083a00000, 0x0000000083a00000, 0x0000000083b00000|  0%| F|  |TAMS 0x0000000083a00000, 0x0000000083a00000| Untracked 
|   9|0x0000000083b00000, 0x0000000083b00000, 0x0000000083c00000|  0%| F|  |TAMS 0x0000000083b00000, 0x0000000083b00000| Untracked 
|  10|0x0000000083c00000, 0x0000000083c00000, 0x0000000083d00000|  0%| F|  |TAMS 0x0000000083c00000, 0x0000000083c00000| Untracked 
|  11|0x0000000083d00000, 0x0000000083d00000, 0x0000000083e00000|  0%| F|  |TAMS 0x0000000083d00000, 0x0000000083d00000| Untracked 
|  12|0x0000000083e00000, 0x0000000083e00000, 0x0000000083f00000|  0%| F|  |TAMS 0x0000000083e00000, 0x0000000083e00000| Untracked 
|  13|0x0000000083f00000, 0x0000000083f00000, 0x0000000084000000|  0%| F|  |TAMS 0x0000000083f00000, 0x0000000083f00000| Untracked 
|  14|0x0000000084000000, 0x0000000084000000, 0x0000000084100000|  0%| F|  |TAMS 0x0000000084000000, 0x0000000084000000| Untracked 
|  15|0x0000000084100000, 0x0000000084100000, 0x0000000084200000|  0%| F|  |TAMS 0x0000000084100000, 0x0000000084100000| Untracked 
|  16|0x0000000084200000, 0x0000000084200000, 0x0000000084300000|  0%| F|  |TAMS 0x0000000084200000, 0x0000000084200000| Untracked 
|  17|0x0000000084300000, 0x0000000084300000, 0x0000000084400000|  0%| F|  |TAMS 0x0000000084300000, 0x0000000084300000| Untracked 
|  18|0x0000000084400000, 0x0000000084400000, 0x0000000084500000|  0%| F|  |TAMS 0x0000000084400000, 0x0000000084400000| Untracked 
|  19|0x0000000084500000, 0x0000000084500000, 0x0000000084600000|  0%| F|  |TAMS 0x0000000084500000, 0x0000000084500000| Untracked 
|  20|0x0000000084600000, 0x0000000084600000, 0x0000000084700000|  0%| F|  |TAMS 0x0000000084600000, 0x0000000084600000| Untracked 
|  21|0x0000000084700000, 0x0000000084700000, 0x0000000084800000|  0%| F|  |TAMS 0x0000000084700000, 0x0000000084700000| Untracked 
|  22|0x0000000084800000, 0x0000000084800000, 0x0000000084900000|  0%| F|  |TAMS 0x0000000084800000, 0x0000000084800000| Untracked 
|  23|0x0000000084900000, 0x0000000084900000, 0x0000000084a00000|  0%| F|  |TAMS 0x0000000084900000, 0x0000000084900000| Untracked 
|  24|0x0000000084a00000, 0x0000000084a00000, 0x0000000084b00000|  0%| F|  |TAMS 0x0000000084a00000, 0x0000000084a00000| Untracked 
|  25|0x0000000084b00000, 0x0000000084b00000, 0x0000000084c00000|  0%| F|  |TAMS 0x0000000084b00000, 0x0000000084b00000| Untracked 
|  26|0x0000000084c00000, 0x0000000084c00000, 0x0000000084d00000|  0%| F|  |TAMS 0x0000000084c00000, 0x0000000084c00000| Untracked 
|  27|0x0000000084d00000, 0x0000000084d00000, 0x0000000084e00000|  0%| F|  |TAMS 0x0000000084d00000, 0x0000000084d00000| Untracked 
|  28|0x0000000084e00000, 0x0000000084e00000, 0x0000000084f00000|  0%| F|  |TAMS 0x0000000084e00000, 0x0000000084e00000| Untracked 
|  29|0x0000000084f00000, 0x0000000084f00000, 0x0000000085000000|  0%| F|  |TAMS 0x0000000084f00000, 0x0000000084f00000| Untracked 
|  30|0x0000000085000000, 0x0000000085000000, 0x0000000085100000|  0%| F|  |TAMS 0x0000000085000000, 0x0000000085000000| Untracked 
|  31|0x0000000085100000, 0x0000000085100000, 0x0000000085200000|  0%| F|  |TAMS 0x0000000085100000, 0x0000000085100000| Untracked 
|  32|0x0000000085200000, 0x0000000085200000, 0x0000000085300000|  0%| F|  |TAMS 0x0000000085200000, 0x0000000085200000| Untracked 
|  33|0x0000000085300000, 0x0000000085300000, 0x0000000085400000|  0%| F|  |TAMS 0x0000000085300000, 0x0000000085300000| Untracked 
|  34|0x0000000085400000, 0x0000000085400000, 0x0000000085500000|  0%| F|  |TAMS 0x0000000085400000, 0x0000000085400000| Untracked 
|  35|0x0000000085500000, 0x0000000085500000, 0x0000000085600000|  0%| F|  |TAMS 0x0000000085500000, 0x0000000085500000| Untracked 
|  36|0x0000000085600000, 0x0000000085600000, 0x0000000085700000|  0%| F|  |TAMS 0x0000000085600000, 0x0000000085600000| Untracked 
|  37|0x0000000085700000, 0x0000000085700000, 0x0000000085800000|  0%| F|  |TAMS 0x0000000085700000, 0x0000000085700000| Untracked 
|  38|0x0000000085800000, 0x0000000085800000, 0x0000000085900000|  0%| F|  |TAMS 0x0000000085800000, 0x0000000085800000| Untracked 
|  39|0x0000000085900000, 0x0000000085900000, 0x0000000085a00000|  0%| F|  |TAMS 0x0000000085900000, 0x0000000085900000| Untracked 
|  40|0x0000000085a00000, 0x0000000085a00000, 0x0000000085b00000|  0%| F|  |TAMS 0x0000000085a00000, 0x0000000085a00000| Untracked 
|  41|0x0000000085b00000, 0x0000000085b00000, 0x0000000085c00000|  0%| F|  |TAMS 0x0000000085b00000, 0x0000000085b00000| Untracked 
|  42|0x0000000085c00000, 0x0000000085c00000, 0x0000000085d00000|  0%| F|  |TAMS 0x0000000085c00000, 0x0000000085c00000| Untracked 
|  43|0x0000000085d00000, 0x0000000085d00000, 0x0000000085e00000|  0%| F|  |TAMS 0x0000000085d00000, 0x0000000085d00000| Untracked 
|  44|0x0000000085e00000, 0x0000000085e00000, 0x0000000085f00000|  0%| F|  |TAMS 0x0000000085e00000, 0x0000000085e00000| Untracked 
|  45|0x0000000085f00000, 0x0000000085f00000, 0x0000000086000000|  0%| F|  |TAMS 0x0000000085f00000, 0x0000000085f00000| Untracked 
|  46|0x0000000086000000, 0x0000000086000000, 0x0000000086100000|  0%| F|  |TAMS 0x0000000086000000, 0x0000000086000000| Untracked 
|  47|0x0000000086100000, 0x0000000086100000, 0x0000000086200000|  0%| F|  |TAMS 0x0000000086100000, 0x0000000086100000| Untracked 
|  48|0x0000000086200000, 0x0000000086200000, 0x0000000086300000|  0%| F|  |TAMS 0x0000000086200000, 0x0000000086200000| Untracked 
|  49|0x0000000086300000, 0x0000000086300000, 0x0000000086400000|  0%| F|  |TAMS 0x0000000086300000, 0x0000000086300000| Untracked 
|  50|0x0000000086400000, 0x0000000086400000, 0x0000000086500000|  0%| F|  |TAMS 0x0000000086400000, 0x0000000086400000| Untracked 
|  51|0x0000000086500000, 0x0000000086500000, 0x0000000086600000|  0%| F|  |TAMS 0x0000000086500000, 0x0000000086500000| Untracked 
|  52|0x0000000086600000, 0x0000000086600000, 0x0000000086700000|  0%| F|  |TAMS 0x0000000086600000, 0x0000000086600000| Untracked 
|  53|0x0000000086700000, 0x0000000086700000, 0x0000000086800000|  0%| F|  |TAMS 0x0000000086700000, 0x0000000086700000| Untracked 
|  54|0x0000000086800000, 0x0000000086800000, 0x0000000086900000|  0%| F|  |TAMS 0x0000000086800000, 0x0000000086800000| Untracked 
|  55|0x0000000086900000, 0x0000000086900000, 0x0000000086a00000|  0%| F|  |TAMS 0x0000000086900000, 0x0000000086900000| Untracked 
|  56|0x0000000086a00000, 0x0000000086a00000, 0x0000000086b00000|  0%| F|  |TAMS 0x0000000086a00000, 0x0000000086a00000| Untracked 
|  57|0x0000000086b00000, 0x0000000086b00000, 0x0000000086c00000|  0%| F|  |TAMS 0x0000000086b00000, 0x0000000086b00000| Untracked 
|  58|0x0000000086c00000, 0x0000000086c00000, 0x0000000086d00000|  0%| F|  |TAMS 0x0000000086c00000, 0x0000000086c00000| Untracked 
|  59|0x0000000086d00000, 0x0000000086d00000, 0x0000000086e00000|  0%| F|  |TAMS 0x0000000086d00000, 0x0000000086d00000| Untracked 
|  60|0x0000000086e00000, 0x0000000086e00000, 0x0000000086f00000|  0%| F|  |TAMS 0x0000000086e00000, 0x0000000086e00000| Untracked 
|  61|0x0000000086f00000, 0x0000000086f00000, 0x0000000087000000|  0%| F|  |TAMS 0x0000000086f00000, 0x0000000086f00000| Untracked 
|  62|0x0000000087000000, 0x0000000087000000, 0x0000000087100000|  0%| F|  |TAMS 0x0000000087000000, 0x0000000087000000| Untracked 
|  63|0x0000000087100000, 0x0000000087100000, 0x0000000087200000|  0%| F|  |TAMS 0x0000000087100000, 0x0000000087100000| Untracked 
|  64|0x0000000087200000, 0x0000000087200000, 0x0000000087300000|  0%| F|  |TAMS 0x0000000087200000, 0x0000000087200000| Untracked 
|  65|0x0000000087300000, 0x0000000087300000, 0x0000000087400000|  0%| F|  |TAMS 0x0000000087300000, 0x0000000087300000| Untracked 
|  66|0x0000000087400000, 0x0000000087400000, 0x0000000087500000|  0%| F|  |TAMS 0x0000000087400000, 0x0000000087400000| Untracked 
|  67|0x0000000087500000, 0x0000000087500000, 0x0000000087600000|  0%| F|  |TAMS 0x0000000087500000, 0x0000000087500000| Untracked 
|  68|0x0000000087600000, 0x0000000087600000, 0x0000000087700000|  0%| F|  |TAMS 0x0000000087600000, 0x0000000087600000| Untracked 
|  69|0x0000000087700000, 0x0000000087700000, 0x0000000087800000|  0%| F|  |TAMS 0x0000000087700000, 0x0000000087700000| Untracked 
|  70|0x0000000087800000, 0x0000000087800000, 0x0000000087900000|  0%| F|  |TAMS 0x0000000087800000, 0x0000000087800000| Untracked 
|  71|0x0000000087900000, 0x0000000087900000, 0x0000000087a00000|  0%| F|  |TAMS 0x0000000087900000, 0x0000000087900000| Untracked 
|  72|0x0000000087a00000, 0x0000000087a00000, 0x0000000087b00000|  0%| F|  |TAMS 0x0000000087a00000, 0x0000000087a00000| Untracked 
|  73|0x0000000087b00000, 0x0000000087b00000, 0x0000000087c00000|  0%| F|  |TAMS 0x0000000087b00000, 0x0000000087b00000| Untracked 
|  74|0x0000000087c00000, 0x0000000087c00000, 0x0000000087d00000|  0%| F|  |TAMS 0x0000000087c00000, 0x0000000087c00000| Untracked 
|  75|0x0000000087d00000, 0x0000000087d00000, 0x0000000087e00000|  0%| F|  |TAMS 0x0000000087d00000, 0x0000000087d00000| Untracked 
|  76|0x0000000087e00000, 0x0000000087e00000, 0x0000000087f00000|  0%| F|  |TAMS 0x0000000087e00000, 0x0000000087e00000| Untracked 
|  77|0x0000000087f00000, 0x0000000087f00000, 0x0000000088000000|  0%| F|  |TAMS 0x0000000087f00000, 0x0000000087f00000| Untracked 
|  78|0x0000000088000000, 0x0000000088000000, 0x0000000088100000|  0%| F|  |TAMS 0x0000000088000000, 0x0000000088000000| Untracked 
|  79|0x0000000088100000, 0x0000000088100000, 0x0000000088200000|  0%| F|  |TAMS 0x0000000088100000, 0x0000000088100000| Untracked 
|  80|0x0000000088200000, 0x0000000088200000, 0x0000000088300000|  0%| F|  |TAMS 0x0000000088200000, 0x0000000088200000| Untracked 
|  81|0x0000000088300000, 0x0000000088300000, 0x0000000088400000|  0%| F|  |TAMS 0x0000000088300000, 0x0000000088300000| Untracked 
|  82|0x0000000088400000, 0x0000000088400000, 0x0000000088500000|  0%| F|  |TAMS 0x0000000088400000, 0x0000000088400000| Untracked 
|  83|0x0000000088500000, 0x0000000088500000, 0x0000000088600000|  0%| F|  |TAMS 0x0000000088500000, 0x0000000088500000| Untracked 
|  84|0x0000000088600000, 0x0000000088600000, 0x0000000088700000|  0%| F|  |TAMS 0x0000000088600000, 0x0000000088600000| Untracked 
|  85|0x0000000088700000, 0x0000000088700000, 0x0000000088800000|  0%| F|  |TAMS 0x0000000088700000, 0x0000000088700000| Untracked 
|  86|0x0000000088800000, 0x0000000088800000, 0x0000000088900000|  0%| F|  |TAMS 0x0000000088800000, 0x0000000088800000| Untracked 
|  87|0x0000000088900000, 0x0000000088900000, 0x0000000088a00000|  0%| F|  |TAMS 0x0000000088900000, 0x0000000088900000| Untracked 
|  88|0x0000000088a00000, 0x0000000088a00000, 0x0000000088b00000|  0%| F|  |TAMS 0x0000000088a00000, 0x0000000088a00000| Untracked 
|  89|0x0000000088b00000, 0x0000000088b00000, 0x0000000088c00000|  0%| F|  |TAMS 0x0000000088b00000, 0x0000000088b00000| Untracked 
|  90|0x0000000088c00000, 0x0000000088c00000, 0x0000000088d00000|  0%| F|  |TAMS 0x0000000088c00000, 0x0000000088c00000| Untracked 
|  91|0x0000000088d00000, 0x0000000088d00000, 0x0000000088e00000|  0%| F|  |TAMS 0x0000000088d00000, 0x0000000088d00000| Untracked 
|  92|0x0000000088e00000, 0x0000000088e00000, 0x0000000088f00000|  0%| F|  |TAMS 0x0000000088e00000, 0x0000000088e00000| Untracked 
|  93|0x0000000088f00000, 0x0000000088f00000, 0x0000000089000000|  0%| F|  |TAMS 0x0000000088f00000, 0x0000000088f00000| Untracked 
|  94|0x0000000089000000, 0x0000000089000000, 0x0000000089100000|  0%| F|  |TAMS 0x0000000089000000, 0x0000000089000000| Untracked 
|  95|0x0000000089100000, 0x0000000089100000, 0x0000000089200000|  0%| F|  |TAMS 0x0000000089100000, 0x0000000089100000| Untracked 
|  96|0x0000000089200000, 0x0000000089200000, 0x0000000089300000|  0%| F|  |TAMS 0x0000000089200000, 0x0000000089200000| Untracked 
|  97|0x0000000089300000, 0x0000000089300000, 0x0000000089400000|  0%| F|  |TAMS 0x0000000089300000, 0x0000000089300000| Untracked 
|  98|0x0000000089400000, 0x0000000089400000, 0x0000000089500000|  0%| F|  |TAMS 0x0000000089400000, 0x0000000089400000| Untracked 
|  99|0x0000000089500000, 0x0000000089500000, 0x0000000089600000|  0%| F|  |TAMS 0x0000000089500000, 0x0000000089500000| Untracked 
| 100|0x0000000089600000, 0x00000000896715e0, 0x0000000089700000| 44%| S|CS|TAMS 0x0000000089600000, 0x0000000089600000| Complete 
| 101|0x0000000089700000, 0x0000000089800000, 0x0000000089800000|100%| S|CS|TAMS 0x0000000089700000, 0x0000000089700000| Complete 
| 102|0x0000000089800000, 0x0000000089800000, 0x0000000089900000|  0%| F|  |TAMS 0x0000000089800000, 0x0000000089800000| Untracked 
| 103|0x0000000089900000, 0x0000000089900000, 0x0000000089a00000|  0%| F|  |TAMS 0x0000000089900000, 0x0000000089900000| Untracked 
| 104|0x0000000089a00000, 0x0000000089a00000, 0x0000000089b00000|  0%| F|  |TAMS 0x0000000089a00000, 0x0000000089a00000| Untracked 
| 105|0x0000000089b00000, 0x0000000089b00000, 0x0000000089c00000|  0%| F|  |TAMS 0x0000000089b00000, 0x0000000089b00000| Untracked 
| 106|0x0000000089c00000, 0x0000000089c00000, 0x0000000089d00000|  0%| F|  |TAMS 0x0000000089c00000, 0x0000000089c00000| Untracked 
| 107|0x0000000089d00000, 0x0000000089d00000, 0x0000000089e00000|  0%| F|  |TAMS 0x0000000089d00000, 0x0000000089d00000| Untracked 
| 108|0x0000000089e00000, 0x0000000089e00000, 0x0000000089f00000|  0%| F|  |TAMS 0x0000000089e00000, 0x0000000089e00000| Untracked 
| 109|0x0000000089f00000, 0x0000000089f00000, 0x000000008a000000|  0%| F|  |TAMS 0x0000000089f00000, 0x0000000089f00000| Untracked 
| 110|0x000000008a000000, 0x000000008a000000, 0x000000008a100000|  0%| F|  |TAMS 0x000000008a000000, 0x000000008a000000| Untracked 
| 111|0x000000008a100000, 0x000000008a100000, 0x000000008a200000|  0%| F|  |TAMS 0x000000008a100000, 0x000000008a100000| Untracked 
| 112|0x000000008a200000, 0x000000008a2f9b08, 0x000000008a300000| 97%| E|  |TAMS 0x000000008a200000, 0x000000008a200000| Complete 
| 113|0x000000008a300000, 0x000000008a400000, 0x000000008a400000|100%| E|CS|TAMS 0x000000008a300000, 0x000000008a300000| Complete 
| 114|0x000000008a400000, 0x000000008a500000, 0x000000008a500000|100%| E|CS|TAMS 0x000000008a400000, 0x000000008a400000| Complete 
| 115|0x000000008a500000, 0x000000008a600000, 0x000000008a600000|100%| E|CS|TAMS 0x000000008a500000, 0x000000008a500000| Complete 
| 116|0x000000008a600000, 0x000000008a700000, 0x000000008a700000|100%| E|CS|TAMS 0x000000008a600000, 0x000000008a600000| Complete 
| 117|0x000000008a700000, 0x000000008a800000, 0x000000008a800000|100%| E|CS|TAMS 0x000000008a700000, 0x000000008a700000| Complete 
| 118|0x000000008a800000, 0x000000008a900000, 0x000000008a900000|100%| E|CS|TAMS 0x000000008a800000, 0x000000008a800000| Complete 
| 119|0x000000008a900000, 0x000000008aa00000, 0x000000008aa00000|100%| E|CS|TAMS 0x000000008a900000, 0x000000008a900000| Complete 
| 120|0x000000008aa00000, 0x000000008ab00000, 0x000000008ab00000|100%| E|CS|TAMS 0x000000008aa00000, 0x000000008aa00000| Complete 
| 121|0x000000008ab00000, 0x000000008ac00000, 0x000000008ac00000|100%| E|CS|TAMS 0x000000008ab00000, 0x000000008ab00000| Complete 
| 122|0x000000008ac00000, 0x000000008ad00000, 0x000000008ad00000|100%| E|CS|TAMS 0x000000008ac00000, 0x000000008ac00000| Complete 
| 123|0x000000008ad00000, 0x000000008ae00000, 0x000000008ae00000|100%| E|CS|TAMS 0x000000008ad00000, 0x000000008ad00000| Complete 
| 124|0x000000008ae00000, 0x000000008af00000, 0x000000008af00000|100%| E|CS|TAMS 0x000000008ae00000, 0x000000008ae00000| Complete 
| 125|0x000000008af00000, 0x000000008b000000, 0x000000008b000000|100%| E|CS|TAMS 0x000000008af00000, 0x000000008af00000| Complete 

Card table byte_map: [0x0000021c644f0000,0x0000021c648e0000] _byte_map_base: 0x0000021c640d7000

Marking Bits (Prev, Next): (CMBitMap*) 0x0000021c468b7448, (CMBitMap*) 0x0000021c468b7480
 Prev Bits: [0x0000021c64cd0000, 0x0000021c66c08000)
 Next Bits: [0x0000021c66c10000, 0x0000021c68b48000)

Polling page: 0x0000021c456e0000

Metaspace:

Usage:
  Non-class:     15.14 MB capacity,    15.06 MB (>99%) used,    72.24 KB ( <1%) free+waste,    12.44 KB ( <1%) overhead. 
      Class:      2.50 MB capacity,     2.46 MB ( 99%) used,    31.95 KB (  1%) free+waste,     5.25 KB ( <1%) overhead. 
       Both:     17.64 MB capacity,    17.52 MB (>99%) used,   104.19 KB ( <1%) free+waste,    17.69 KB ( <1%) overhead. 

Virtual space:
  Non-class space:       16.00 MB reserved,      15.25 MB ( 95%) committed 
      Class space:        1.00 GB reserved,       2.50 MB ( <1%) committed 
             Both:        1.02 GB reserved,      17.75 MB (  2%) committed 

Chunk freelists:
   Non-Class:  5.50 KB
       Class:  512 bytes
        Both:  6.00 KB

CodeHeap 'non-profiled nmethods': size=120000Kb used=162Kb max_used=162Kb free=119837Kb
 bounds [0x0000021c5c790000, 0x0000021c5ca00000, 0x0000021c63cc0000]
CodeHeap 'profiled nmethods': size=120000Kb used=1083Kb max_used=1083Kb free=118916Kb
 bounds [0x0000021c55260000, 0x0000021c554d0000, 0x0000021c5c790000]
CodeHeap 'non-nmethods': size=5760Kb used=1096Kb max_used=1107Kb free=4664Kb
 bounds [0x0000021c54cc0000, 0x0000021c54f30000, 0x0000021c55260000]
 total_blobs=1003 nmethods=594 adapters=329
 compilation: enabled
              stopped_count=0, restarted_count=0
 full_count=0

Compilation events (10 events):
Event: 4.831 Thread 0x0000021c6bcce000  586       3       jdk.internal.misc.Unsafe::getLongUnaligned (173 bytes)
Event: 4.831 Thread 0x0000021c6bcce000 nmethod 586 0x0000021c55360410 code [0x0000021c55360600, 0x0000021c55360bb8]
Event: 4.831 Thread 0x0000021c6bcce000  587       3       kotlin.collections.ArraysKt___ArraysJvmKt::fill$default (27 bytes)
Event: 4.832 Thread 0x0000021c6bcce000 nmethod 587 0x0000021c55360d90 code [0x0000021c55360fe0, 0x0000021c55361948]
Event: 4.955 Thread 0x0000021c6bcce000  589       3       godot.core.KtFunction::readArguments (69 bytes)
Event: 4.956 Thread 0x0000021c6bcce000 nmethod 589 0x0000021c55361d10 code [0x0000021c55362120, 0x0000021c55363fa8]
Event: 4.956 Thread 0x0000021c6bcce000  588       3       godot.core.KtFunction::invoke (141 bytes)
Event: 4.957 Thread 0x0000021c6bcce000 nmethod 588 0x0000021c55364990 code [0x0000021c55364fe0, 0x0000021c55368268]
Event: 4.979 Thread 0x0000021c6bcce000  590       3       godot.core.KtFunction1::invokeKt$godot_runtime (25 bytes)
Event: 4.980 Thread 0x0000021c6bcce000 nmethod 590 0x0000021c55369390 code [0x0000021c55369680, 0x0000021c5536a498]

GC Heap History (2 events):
Event: 0.436 GC heap before
{Heap before GC invocations=0 (full 0):
 garbage-first heap   total 129024K, used 27648K [0x0000000083200000, 0x0000000100000000)
  region size 1024K, 24 young (24576K), 0 survivors (0K)
 Metaspace       used 14637K, capacity 14800K, committed 14976K, reserved 1062912K
  class space    used 1824K, capacity 1874K, committed 1920K, reserved 1048576K
}
Event: 0.440 GC heap after
{Heap after GC invocations=1 (full 0):
 garbage-first heap   total 129024K, used 3525K [0x0000000083200000, 0x0000000100000000)
  region size 1024K, 2 young (2048K), 2 survivors (2048K)
 Metaspace       used 14637K, capacity 14800K, committed 14976K, reserved 1062912K
  class space    used 1824K, capacity 1874K, committed 1920K, reserved 1048576K
}

Deoptimization events (2 events):
Event: 0.511 Thread 0x0000021c4684d800 Uncommon trap: reason=unstable_if action=reinterpret pc=0x0000021c5c7ad400 method=java.util.ArrayList$Itr.hasNext()Z @ 11 c2
Event: 0.546 Thread 0x0000021c4684d800 Uncommon trap: reason=unstable_if action=reinterpret pc=0x0000021c5c7a8b88 method=java.util.zip.ZipFile$Source.getEntryPos([BZ)I @ 36 c2

Classes redefined (0 events):
No events

Internal exceptions (0 events):
No events

Events (10 events):
Event: 0.867 loading class godot/global/GDPrint$DefaultImpls
Event: 0.867 loading class godot/global/GDPrint$DefaultImpls done
Event: 0.886 loading class com/example/game/environment/Player2D$WhenMappings
Event: 0.886 loading class com/example/game/environment/Player2D$WhenMappings done
Event: 1.240 loading class java/lang/Long$LongCache
Event: 1.240 loading class java/lang/Long$LongCache done
Event: 1.241 loading class java/lang/StrictMath
Event: 1.242 loading class java/lang/StrictMath done
Event: 2.415 loading class kotlin/jvm/internal/TypeIntrinsics
Event: 2.415 loading class kotlin/jvm/internal/TypeIntrinsics done


Dynamic libraries:
0x00007ff7ef0d0000 - 0x00007ff7f317b000 	C:\Program Files\Godot Kotlin\godot.windows.opt.tools.64.exe
0x00007ffc40390000 - 0x00007ffc40585000 	C:\Windows\SYSTEM32\ntdll.dll
0x00007ffc19000000 - 0x00007ffc19016000 	C:\Program Files\AVG\Antivirus\aswhook.dll
0x00007ffc40290000 - 0x00007ffc4034e000 	C:\Windows\System32\KERNEL32.DLL
0x00007ffc3e110000 - 0x00007ffc3e3d8000 	C:\Windows\System32\KERNELBASE.dll
0x00007ffc3e9b0000 - 0x00007ffc3eada000 	C:\Windows\System32\ole32.dll
0x00007ffc3dae0000 - 0x00007ffc3dbe0000 	C:\Windows\System32\ucrtbase.dll
0x00007ffc3fb90000 - 0x00007ffc3fcba000 	C:\Windows\System32\RPCRT4.dll
0x00007ffc22ef0000 - 0x00007ffc23015000 	C:\Windows\SYSTEM32\OPENGL32.dll
0x00007ffc3e5c0000 - 0x00007ffc3e915000 	C:\Windows\System32\combase.dll
0x00007ffc3e3e0000 - 0x00007ffc3e47e000 	C:\Windows\System32\msvcrt.dll
0x00007ffc3e480000 - 0x00007ffc3e4ab000 	C:\Windows\System32\GDI32.dll
0x00007ffc3dee0000 - 0x00007ffc3df02000 	C:\Windows\System32\win32u.dll
0x00007ffc3f6e0000 - 0x00007ffc3f78c000 	C:\Windows\System32\ADVAPI32.dll
0x00007ffc3ddd0000 - 0x00007ffc3dedb000 	C:\Windows\System32\gdi32full.dll
0x00007ffc3f350000 - 0x00007ffc3f3eb000 	C:\Windows\System32\sechost.dll
0x00007ffc370d0000 - 0x00007ffc370f7000 	C:\Windows\SYSTEM32\WINMM.dll
0x00007ffc3dfc0000 - 0x00007ffc3e05d000 	C:\Windows\System32\msvcp_win.dll
0x00007ffc3f4d0000 - 0x00007ffc3f671000 	C:\Windows\System32\USER32.dll
0x00007ffc3eae0000 - 0x00007ffc3f21f000 	C:\Windows\System32\SHELL32.dll
0x00007ffc3fae0000 - 0x00007ffc3fb10000 	C:\Windows\System32\IMM32.dll
0x00007ffc3f680000 - 0x00007ffc3f6d5000 	C:\Windows\System32\SHLWAPI.dll
0x00007ffc40220000 - 0x00007ffc4028b000 	C:\Windows\System32\WS2_32.dll
0x00007ffc334f0000 - 0x00007ffc3351c000 	C:\Windows\SYSTEM32\GLU32.dll
0x00007ffc3dab0000 - 0x00007ffc3dad7000 	C:\Windows\System32\bcrypt.dll
0x00007ffc33470000 - 0x00007ffc334b5000 	C:\Windows\SYSTEM32\DINPUT8.dll
0x00007ffc332e0000 - 0x00007ffc332ea000 	C:\Windows\SYSTEM32\AVRT.dll
0x00007ffc3a680000 - 0x00007ffc3a6af000 	C:\Windows\SYSTEM32\dwmapi.dll
0x00007ffc3d450000 - 0x00007ffc3d634000 	C:\Windows\SYSTEM32\dbghelp.dll
0x00007ffc3c830000 - 0x00007ffc3c86b000 	C:\Windows\SYSTEM32\IPHLPAPI.DLL
0x00007ffc1d920000 - 0x00007ffc1d929000 	C:\Windows\SYSTEM32\WSOCK32.dll
0x00007ffc3f2a0000 - 0x00007ffc3f34d000 	C:\Windows\System32\shcore.dll
0x00007ffc23020000 - 0x00007ffc23172000 	C:\Windows\SYSTEM32\inputhost.dll
0x00007ffc3fcd0000 - 0x00007ffc3fd9d000 	C:\Windows\System32\OLEAUT32.dll
0x00007ffc36dd0000 - 0x00007ffc36ec2000 	C:\Windows\SYSTEM32\CoreMessaging.dll
0x00007ffc35710000 - 0x00007ffc35864000 	C:\Windows\SYSTEM32\wintypes.dll
0x00007ffc34e00000 - 0x00007ffc34ef6000 	C:\Windows\SYSTEM32\PROPSYS.dll
0x00007ffc366f0000 - 0x00007ffc36a4e000 	C:\Windows\SYSTEM32\CoreUIComponents.dll
0x00007ffc3dbe0000 - 0x00007ffc3dc63000 	C:\Windows\System32\bcryptPrimitives.dll
0x00007ffc3b510000 - 0x00007ffc3b522000 	C:\Windows\SYSTEM32\kernel.appcore.dll
0x00007ffc3d7f0000 - 0x00007ffc3d823000 	C:\Windows\SYSTEM32\ntmarta.dll
0x00007ffbfe4c0000 - 0x00007ffbfe4fa000 	C:\Windows\SYSTEM32\wintab32.dll
0x00007ffc3cb00000 - 0x00007ffc3cb6a000 	C:\Windows\system32\mswsock.dll
0x00007ffc37360000 - 0x00007ffc373fe000 	C:\Windows\system32\uxtheme.dll
0x00007ffc1fca0000 - 0x00007ffc1fd9c000 	C:\ProgramData\A-Volute\DellInc.AlienwareSoundCenter\Modules\ScheduledModules\x64\DellInc.AlienwareSoundCenterDevProps2.dll
0x00007ffc21af0000 - 0x00007ffc21b9d000 	C:\ProgramData\A-Volute\DellInc.AlienwareSoundCenter\Modules\ScheduledModules\x64\NahimicOSD.dll
0x00007ffc35620000 - 0x00007ffc35641000 	C:\ProgramData\A-Volute\DellInc.AlienwareSoundCenter\Modules\ScheduledModules\x64\ProductInfo.dll
0x00007ffc3f7b0000 - 0x00007ffc3f8c5000 	C:\Windows\System32\MSCTF.dll
0x00007ffc3ad70000 - 0x00007ffc3b500000 	C:\Windows\SYSTEM32\windows.storage.dll
0x00007ffc3ce10000 - 0x00007ffc3ce3e000 	C:\Windows\SYSTEM32\Wldp.dll
0x00007ffc3e4b0000 - 0x00007ffc3e559000 	C:\Windows\System32\clbcatq.dll
0x00007ffbd71a0000 - 0x00007ffbd9b33000 	C:\Windows\System32\DriverStore\FileRepository\nvdm.inf_amd64_5848d6f3df1e6423\nvoglv64.dll
0x00007ffc3fda0000 - 0x00007ffc40212000 	C:\Windows\System32\SETUPAPI.dll
0x00007ffc3ad50000 - 0x00007ffc3ad5a000 	C:\Windows\SYSTEM32\VERSION.dll
0x00007ffc34130000 - 0x00007ffc34144000 	C:\Windows\SYSTEM32\WTSAPI32.dll
0x0000021c3f040000 - 0x0000021c3f08e000 	C:\Windows\System32\cfgmgr32.dll
0x00007ffc3d240000 - 0x00007ffc3d252000 	C:\Windows\SYSTEM32\msasn1.dll
0x00007ffc2fc90000 - 0x00007ffc2fcc1000 	C:\Windows\SYSTEM32\cryptnet.dll
0x00007ffc3dc70000 - 0x00007ffc3ddc6000 	C:\Windows\System32\CRYPT32.dll
0x00007ffc3cdd0000 - 0x00007ffc3cddc000 	C:\Windows\SYSTEM32\cryptbase.dll
0x00007ffc3d850000 - 0x00007ffc3d884000 	C:\Windows\System32\DEVOBJ.dll
0x00007ffc3e060000 - 0x00007ffc3e0c0000 	C:\Windows\System32\WINTRUST.dll
0x00007ffc2fe00000 - 0x00007ffc2fe3b000 	C:\Windows\SYSTEM32\dxcore.dll
0x00007ffbe0c90000 - 0x00007ffbe0f49000 	C:\Windows\system32\nvspcap64.dll
0x00007ffc3d9f0000 - 0x00007ffc3da0f000 	C:\Windows\SYSTEM32\profapi.dll
0x00007ffc3d6c0000 - 0x00007ffc3d70b000 	C:\Windows\SYSTEM32\powrprof.dll
0x00007ffc3d400000 - 0x00007ffc3d412000 	C:\Windows\SYSTEM32\UMPDC.dll
0x00007ffc3c1b0000 - 0x00007ffc3c20a000 	C:\Windows\SYSTEM32\WINSTA.dll
0x00007ffc32260000 - 0x00007ffc32271000 	C:\Windows\SYSTEM32\XInput1_4.dll
0x00007ffc3b500000 - 0x00007ffc3b50d000 	C:\Windows\SYSTEM32\HID.DLL
0x00007ffc23d40000 - 0x00007ffc23dc5000 	C:\Windows\System32\MMDevApi.dll
0x00007ffc2c2a0000 - 0x00007ffc2c421000 	C:\Windows\SYSTEM32\AudioSes.dll
0x00007ffc3a6b0000 - 0x00007ffc3a6c4000 	C:\Windows\SYSTEM32\resourcepolicyclient.dll
0x00007ffc2a720000 - 0x00007ffc2a819000 	C:\Windows\SYSTEM32\textinputframework.dll
0x00007ffc1aae0000 - 0x00007ffc1ab46000 	C:\Windows\system32\Oleacc.dll
0x00007ffc32280000 - 0x00007ffc3244e000 	C:\Windows\SYSTEM32\d3d9.dll
0x00007ffc3fb70000 - 0x00007ffc3fb8d000 	C:\Windows\System32\imagehlp.dll
0x00007ffc3d830000 - 0x00007ffc3d848000 	C:\Windows\SYSTEM32\CRYPTSP.dll
0x00007ffc3c4e0000 - 0x00007ffc3c514000 	C:\Windows\system32\rsaenh.dll
0x00007ffc3b580000 - 0x00007ffc3b674000 	C:\Windows\system32\dxgi.dll
0x00007ffc35870000 - 0x00007ffc35ad4000 	C:\Windows\system32\d3d11.dll
0x00007ffc33590000 - 0x00007ffc33695000 	C:\Windows\System32\DriverStore\FileRepository\nvdm.inf_amd64_5848d6f3df1e6423\nvldumdx.dll
0x00007ffb8ca30000 - 0x00007ffb91407000 	C:\Windows\System32\DriverStore\FileRepository\nvdm.inf_amd64_5848d6f3df1e6423\nvwgf2umx.dll
0x00007ffc2abb0000 - 0x00007ffc2b2a2000 	C:\Windows\SYSTEM32\nvapi64.dll
0x00007ffc272d0000 - 0x00007ffc284b2000 	C:\Windows\System32\DriverStore\FileRepository\iigd_dch.inf_amd64_4de65d949492707a\igd10iumd64.dll
0x00007ffc3ce80000 - 0x00007ffc3cea7000 	C:\Windows\SYSTEM32\ncrypt.dll
0x00007ffc3ce40000 - 0x00007ffc3ce7b000 	C:\Windows\SYSTEM32\NTASN1.dll
0x00007ffc26f90000 - 0x00007ffc272c6000 	C:\Windows\System32\DriverStore\FileRepository\iigd_dch.inf_amd64_4de65d949492707a\igdgmm64.dll
0x00007ffc24000000 - 0x00007ffc26d8f000 	C:\Windows\System32\DriverStore\FileRepository\iigd_dch.inf_amd64_4de65d949492707a\igc64.dll
0x00007ffbc4890000 - 0x00007ffbc538b000 	C:\Users\morai\OneDrive\Documentos\GitLab\GodotImplementation\cmob-godotimplementation\GodotKotlin\CoreModelTrail\jre\bin\server\jvm.dll
0x00007ffc3fcc0000 - 0x00007ffc3fcc8000 	C:\Windows\System32\PSAPI.DLL
0x00007ffc0dce0000 - 0x00007ffc0dcfb000 	C:\Windows\SYSTEM32\VCRUNTIME140.dll
0x00007ffc37220000 - 0x00007ffc37230000 	C:\Users\morai\OneDrive\Documentos\GitLab\GodotImplementation\cmob-godotimplementation\GodotKotlin\CoreModelTrail\jre\bin\verify.dll
0x00007ffc3d420000 - 0x00007ffc3d44c000 	C:\Windows\SYSTEM32\dbgcore.DLL
0x00007ffbfb620000 - 0x00007ffbfb648000 	C:\Users\morai\OneDrive\Documentos\GitLab\GodotImplementation\cmob-godotimplementation\GodotKotlin\CoreModelTrail\jre\bin\java.dll
0x00007ffc37210000 - 0x00007ffc3721a000 	C:\Users\morai\OneDrive\Documentos\GitLab\GodotImplementation\cmob-godotimplementation\GodotKotlin\CoreModelTrail\jre\bin\jimage.dll
0x00007ffc32240000 - 0x00007ffc32256000 	C:\Users\morai\OneDrive\Documentos\GitLab\GodotImplementation\cmob-godotimplementation\GodotKotlin\CoreModelTrail\jre\bin\zip.dll
0x00007ffc2e710000 - 0x00007ffc2e729000 	C:\Users\morai\OneDrive\Documentos\GitLab\GodotImplementation\cmob-godotimplementation\GodotKotlin\CoreModelTrail\jre\bin\net.dll
0x00007ffc34690000 - 0x00007ffc3479c000 	C:\Windows\SYSTEM32\WINHTTP.dll
0x00007ffbfec50000 - 0x00007ffbfec62000 	C:\Users\morai\OneDrive\Documentos\GitLab\GodotImplementation\cmob-godotimplementation\GodotKotlin\CoreModelTrail\jre\bin\nio.dll

dbghelp: loaded successfully - version: 4.0.5 - missing functions: none
symbol engine: initialized successfully - sym options: 0x614 - pdb path: .;C:\Program Files\Godot Kotlin;C:\Windows\SYSTEM32;C:\Program Files\AVG\Antivirus;C:\ProgramData\A-Volute\DellInc.AlienwareSoundCenter\Modules\ScheduledModules\x64;C:\Windows\System32\DriverStore\FileRepository\nvdm.inf_amd64_5848d6f3df1e6423;C:\Windows\System32\DriverStore\FileRepository\iigd_dch.inf_amd64_4de65d949492707a;C:\Users\morai\OneDrive\Documentos\GitLab\GodotImplementation\cmob-godotimplementation\GodotKotlin\CoreModelTrail\jre\bin\server;C:\Users\morai\OneDrive\Documentos\GitLab\GodotImplementation\cmob-godotimplementation\GodotKotlin\CoreModelTrail\jre\bin

VM Arguments:
jvm_args: -Xcheck:jni 
java_command: <unknown>
java_class_path (initial): <not set>
Launcher Type: generic

[Global flags]
     intx CICompilerCount                          = 4                                         {product} {ergonomic}
     uint ConcGCThreads                            = 2                                         {product} {ergonomic}
     uint G1ConcRefinementThreads                  = 8                                         {product} {ergonomic}
   size_t G1HeapRegionSize                         = 1048576                                   {product} {ergonomic}
    uintx GCDrainStackTargetSize                   = 64                                        {product} {ergonomic}
   size_t InitialHeapSize                          = 132120576                                 {product} {ergonomic}
   size_t MarkStackSize                            = 4194304                                   {product} {ergonomic}
   size_t MaxHeapSize                              = 2095054848                                {product} {ergonomic}
   size_t MaxNewSize                               = 1256194048                                {product} {ergonomic}
   size_t MinHeapDeltaBytes                        = 1048576                                   {product} {ergonomic}
    uintx NonNMethodCodeHeapSize                   = 5836300                                {pd product} {ergonomic}
    uintx NonProfiledCodeHeapSize                  = 122910970                              {pd product} {ergonomic}
    uintx ProfiledCodeHeapSize                     = 122910970                              {pd product} {ergonomic}
    uintx ReservedCodeCacheSize                    = 251658240                              {pd product} {ergonomic}
     bool SegmentedCodeCache                       = true                                      {product} {ergonomic}
     bool UseCompressedClassPointers               = true                                 {lp64_product} {ergonomic}
     bool UseCompressedOops                        = true                                 {lp64_product} {ergonomic}
     bool UseG1GC                                  = true                                      {product} {ergonomic}
     bool UseLargePagesIndividualAllocation        = false                                  {pd product} {ergonomic}

Logging:
Log output configuration:
 #0: stdout all=warning uptime,level,tags
 #1: stderr all=off uptime,level,tags

Environment Variables:
JAVA_HOME=C:\Program Files\Java\jdk-11.0.10
PATH=C:\Program Files\Java\jdk-11.0.10\bin;C:\Program Files\Common Files\Oracle\Java\javapath;C:\Program Files (x86)\Common Files\Oracle\Java\javapath;C:\Windows\system32;C:\Windows;C:\Windows\System32\Wbem;C:\Windows\System32\WindowsPowerShell\v1.0\;C:\Windows\System32\OpenSSH\;C:\Program Files (x86)\NVIDIA Corporation\PhysX\Common;C:\Program Files\NVIDIA Corporation\NVIDIA NvDLISR;C:\Program Files\Git\cmd;C:\Users\morai\AppData\Local\Android\Sdk\platform-tools;C:\Users\morai\AppData\Local\Programs\Python\Python39\Scripts\;C:\Users\morai\AppData\Local\Programs\Python\Python39\;C:\Users\morai\AppData\Local\Microsoft\WindowsApps;;C:\Users\morai\AppData\Local\Programs\Microsoft VS Code\bin;C:\Program Files\JetBrains\PyCharm Community Edition 2020.3.5\bin;;C:\Program Files\JetBrains\IntelliJ IDEA Community Edition 2021.1\bin;;C:\intelFPGA_lite\17.1\modelsim_ase\win32aloem
USERNAME=morai
OS=Windows_NT
PROCESSOR_IDENTIFIER=Intel64 Family 6 Model 165 Stepping 2, GenuineIntel



---------------  S Y S T E M  ---------------

OS: Windows 10 , 64 bit Build 19041 (10.0.19041.1348)
Hyper-V role detected

CPU:total 8 (initial active 8) (4 cores per cpu, 2 threads per core) family 6 model 165 stepping 2 microcode 0xea, cmov, cx8, fxsr, mmx, sse, sse2, sse3, ssse3, sse4.1, sse4.2, popcnt, avx, avx2, aes, clmul, erms, 3dnowpref, lzcnt, ht, tsc, tscinvbit, bmi1, bmi2, adx, fma

Memory: 4k page, system-wide physical 7985M (459M free)
TotalPageFile size 26241M (AvailPageFile size 2913M)
current process WorkingSet (physical memory assigned to process): 214M, peak: 214M
current process commit charge ("private bytes"): 673M, peak: 782M

vm_info: Java HotSpot(TM) 64-Bit Server VM (11.0.10+8-LTS-162) for windows-amd64 JRE (11.0.10+8-LTS-162), built on Dec  8 2020 16:32:57 by "mach5one" with MS VC++ 15.9 (VS2017)

END.
