#
# A fatal error has been detected by the Java Runtime Environment:
#
#  EXCEPTION_UNCAUGHT_CXX_EXCEPTION (0xe06d7363) at pc=0x00007ffc3e144f69, pid=26844, tid=25372
#
# JRE version: Java(TM) SE Runtime Environment 18.9 (11.0.10+8) (build 11.0.10+8-LTS-162)
# Java VM: Java HotSpot(TM) 64-Bit Server VM 18.9 (11.0.10+8-LTS-162, mixed mode, tiered, compressed oops, g1 gc, windows-amd64)
# Problematic frame:
# C  [KERNELBASE.dll+0x34f69]
#
# No core dump will be written. Minidumps are not enabled by default on client versions of Windows
#
# If you would like to submit a bug report, please visit:
#   https://bugreport.java.com/bugreport/crash.jsp
# The crash happened outside the Java Virtual Machine in native code.
# See problematic frame for where to report the bug.
#

---------------  S U M M A R Y ------------

Command Line: -Xcheck:jni 

Host: Intel(R) Core(TM) i5-10300H CPU @ 2.50GHz, 8 cores, 7G,  Windows 10 , 64 bit Build 19041 (10.0.19041.1348)
Time: Fri Nov 26 10:04:25 2021 Hora oficial do Brasil elapsed time: 28.288802 seconds (0d 0h 0m 28s)

---------------  T H R E A D  ---------------

Current thread (0x0000017e29ae5800):  JavaThread "Timer-13" [_thread_in_native, id=25372, stack(0x0000004713000000,0x0000004713800000)]

Stack: [0x0000004713000000,0x0000004713800000],  sp=0x00000047137fe490,  free space=8185k
Native frames: (J=compiled Java code, j=interpreted, Vv=VM code, C=native code)
C  [KERNELBASE.dll+0x34f69]
C  [godot.windows.opt.tools.64.exe+0x23bef44]
C  [godot.windows.opt.tools.64.exe+0x23c0b4d]
C  [godot.windows.opt.tools.64.exe+0x1876a1f]
C  [godot.windows.opt.tools.64.exe+0x665b2a]
C  0x0000017e0f265020

Java frames: (J=compiled Java code, j=interpreted, Vv=VM code)
J 532  godot.core.TransferContext.icall(JII)V (0 bytes) @ 0x0000017e0f264f80 [0x0000017e0f264f40+0x0000000000000040]
J 595 c1 godot.Node2D.getPosition()Lgodot/core/Vector2; (54 bytes) @ 0x0000017e07e2407c [0x0000017e07e23e60+0x000000000000021c]
J 660 c1 com.example.game.environment.Apple2D.getPos()Lgodot/core/Vector2; (5 bytes) @ 0x0000017e07e56dac [0x0000017e07e56cc0+0x00000000000000ec]
j  com.example.game.cst.codelets.perception.ClosestAppleDetector.proc()V+86
J 625 c1 br.unicamp.cst.core.entities.Codelet$CodeletTimerTask.run()V (674 bytes) @ 0x0000017e07e4052c [0x0000017e07e400a0+0x000000000000048c]
j  java.util.TimerThread.mainLoop()V+221 java.base@11.0.10
j  java.util.TimerThread.run()V+1 java.base@11.0.10
v  ~StubRoutines::call_stub

siginfo: EXCEPTION_UNCAUGHT_CXX_EXCEPTION (0xe06d7363), ExceptionInformation=0x0000000019930520 0x00000047137fe600 0x00007ff6f910ff70 0x00007ff6f57e0000 


Register to memory mapping:

RIP=0x00007ffc3e144f69 KERNELBASE.dll
RAX=0x00000047137fe5d0 is pointing into the stack for thread: 0x0000017e29ae5800
RBX=0x00007ff6f910ff70 godot.windows.opt.tools.64.exe
RCX={method} {0x0000017e1d3f5408} 'flush' '()V' in 'java/io/BufferedOutputStream'
RDX=0x00000047137fd770 is pointing into the stack for thread: 0x0000017e29ae5800
RSP=0x00000047137fe490 is pointing into the stack for thread: 0x0000017e29ae5800
RBP=0x0 is NULL
RSI=0x00000047137fe600 is pointing into the stack for thread: 0x0000017e29ae5800
RDI=0x0000000019930520 is an unknown value
R8 =0x00007ff6f7ba0a0c godot.windows.opt.tools.64.exe
R9 =0x00007ff6f7ba0b72 godot.windows.opt.tools.64.exe
R10=0x00007ff6f57e0000 godot.windows.opt.tools.64.exe
R11=0x00007ff6f981509c godot.windows.opt.tools.64.exe
R12=0x00007ff6f969ce20 godot.windows.opt.tools.64.exe
R13=0x0 is NULL
R14=0x0 is NULL
R15=0x00007ff6f96a0ad0 godot.windows.opt.tools.64.exe


Registers:
RAX=0x00000047137fe5d0, RBX=0x00007ff6f910ff70, RCX=0x0000017e1d3f5400, RDX=0x00000047137fd770
RSP=0x00000047137fe490, RBP=0x0000000000000000, RSI=0x00000047137fe600, RDI=0x0000000019930520
R8 =0x00007ff6f7ba0a0c, R9 =0x00007ff6f7ba0b72, R10=0x00007ff6f57e0000, R11=0x00007ff6f981509c
R12=0x00007ff6f969ce20, R13=0x0000000000000000, R14=0x0000000000000000, R15=0x00007ff6f96a0ad0
RIP=0x00007ffc3e144f69, EFLAGS=0x0000000000000206

Top of Stack: (sp=0x00000047137fe490)
0x00000047137fe490:   0000000000000000 00007ff6f910ff70
0x00000047137fe4a0:   00000047137fe600 00007ff6f7c9ffa8
0x00000047137fe4b0:   00000001e06d7363 0000000000000000
0x00000047137fe4c0:   00007ffc3e144f69 00007ff600000004
0x00000047137fe4d0:   0000000019930520 00000047137fe600
0x00000047137fe4e0:   00007ff6f910ff70 00007ff6f57e0000
0x00000047137fe4f0:   0000000000000000 00007ff6f969ce20
0x00000047137fe500:   00000047137fe600 0000000000000000
0x00000047137fe510:   00000047137fe590 00007ffc403c4a5f
0x00000047137fe520:   0000000019930520 0000000100000000
0x00000047137fe530:   00000000896165f0 0000017e0785ae74
0x00000047137fe540:   00007ff6f9743000 00007ff6f57e0000
0x00000047137fe550:   00000ed5c5f5cc9a 0000017e07e4908c
0x00000047137fe560:   00007ff6f910ff70 00007ff6f7b9ef44
0x00000047137fe570:   0073002c00440000 0000017e29ae5800
0x00000047137fe580:   00000047137fea88 0000017e07e4908c 

Instructions: (pc=0x00007ffc3e144f69)
0x00007ffc3e144f49:   8b d1 44 0f 47 c0 44 89 44 24 38 49 c1 e0 03 e8
0x00007ffc3e144f59:   1a d5 05 00 48 8d 4c 24 20 48 ff 15 8f 9d 18 00
0x00007ffc3e144f69:   0f 1f 44 00 00 48 8b 8c 24 c0 00 00 00 48 33 cc
0x00007ffc3e144f79:   e8 52 97 05 00 48 81 c4 d8 00 00 00 c3 cc 83 64 


Stack slot to memory mapping:
stack at sp + 0 slots: 0x0 is NULL
stack at sp + 1 slots: 0x00007ff6f910ff70 godot.windows.opt.tools.64.exe
stack at sp + 2 slots: 0x00000047137fe600 is pointing into the stack for thread: 0x0000017e29ae5800
stack at sp + 3 slots: 0x00007ff6f7c9ffa8 godot.windows.opt.tools.64.exe
stack at sp + 4 slots: 0x00000001e06d7363 is an unknown value
stack at sp + 5 slots: 0x0 is NULL
stack at sp + 6 slots: 0x00007ffc3e144f69 KERNELBASE.dll
stack at sp + 7 slots: 0x00007ff600000004 is an unknown value


---------------  P R O C E S S  ---------------

Threads class SMR info:
_java_thread_list=0x0000017e7882d110, length=21, elements={
0x0000017e785dd800, 0x0000017e78827000, 0x0000017e7882c000, 0x0000017e78832000,
0x0000017e78832800, 0x0000017e78833800, 0x0000017e78836800, 0x0000017e78838000,
0x0000017e1dae0800, 0x0000017e1dcb3000, 0x0000017e1dd17800, 0x0000017e29a51800,
0x0000017e29ae3000, 0x0000017e29ae4000, 0x0000017e29ae5800, 0x0000017e29ae6800,
0x0000017e29ae4800, 0x0000017e29ae8000, 0x0000017e29ae9000, 0x0000017e29ae9800,
0x0000017e29aec000
}

Java Threads: ( => current thread )
  0x0000017e785dd800 JavaThread "main" [_thread_in_native, id=18392, stack(0x0000004777400000,0x0000004777c00000)]
  0x0000017e78827000 JavaThread "Reference Handler" daemon [_thread_blocked, id=8996, stack(0x0000004702800000,0x0000004703000000)]
  0x0000017e7882c000 JavaThread "Finalizer" daemon [_thread_blocked, id=38752, stack(0x0000004703000000,0x0000004703800000)]
  0x0000017e78832000 JavaThread "Signal Dispatcher" daemon [_thread_blocked, id=25556, stack(0x0000004703800000,0x0000004704000000)]
  0x0000017e78832800 JavaThread "Attach Listener" daemon [_thread_blocked, id=3856, stack(0x0000004704000000,0x0000004704800000)]
  0x0000017e78833800 JavaThread "C2 CompilerThread0" daemon [_thread_blocked, id=31440, stack(0x0000004704800000,0x0000004705000000)]
  0x0000017e78836800 JavaThread "C1 CompilerThread0" daemon [_thread_blocked, id=38740, stack(0x0000004705000000,0x0000004705800000)]
  0x0000017e78838000 JavaThread "Sweeper thread" daemon [_thread_blocked, id=13452, stack(0x0000004705800000,0x0000004706000000)]
  0x0000017e1dae0800 JavaThread "Service Thread" daemon [_thread_blocked, id=35064, stack(0x0000004706000000,0x0000004706800000)]
  0x0000017e1dcb3000 JavaThread "Common-Cleaner" daemon [_thread_blocked, id=12496, stack(0x0000004707000000,0x0000004707800000)]
  0x0000017e1dd17800 JavaThread "pool-1-thread-1" [_thread_blocked, id=11684, stack(0x0000004707800000,0x0000004708000000)]
  0x0000017e29a51800 JavaThread "Timer-10" [_thread_blocked, id=4708, stack(0x000000470a000000,0x000000470a800000)]
  0x0000017e29ae3000 JavaThread "Timer-11" [_thread_blocked, id=24956, stack(0x0000004712000000,0x0000004712800000)]
  0x0000017e29ae4000 JavaThread "Timer-12" [_thread_blocked, id=20332, stack(0x0000004712800000,0x0000004713000000)]
=>0x0000017e29ae5800 JavaThread "Timer-13" [_thread_in_native, id=25372, stack(0x0000004713000000,0x0000004713800000)]
  0x0000017e29ae6800 JavaThread "Timer-15" [_thread_blocked, id=12572, stack(0x000000470c000000,0x000000470c800000)]
  0x0000017e29ae4800 JavaThread "Timer-14" [_thread_blocked, id=25624, stack(0x0000004713800000,0x0000004714000000)]
  0x0000017e29ae8000 JavaThread "Timer-16" [_thread_blocked, id=35980, stack(0x0000004714800000,0x0000004715000000)]
  0x0000017e29ae9000 JavaThread "Timer-18" [_thread_blocked, id=35104, stack(0x000000470c800000,0x000000470d000000)]
  0x0000017e29ae9800 JavaThread "Timer-17" [_thread_blocked, id=13576, stack(0x000000470d000000,0x000000470d800000)]
  0x0000017e29aec000 JavaThread "Timer-19" [_thread_blocked, id=25144, stack(0x000000470d800000,0x000000470e000000)]

Other Threads:
  0x0000017e787f8000 VMThread "VM Thread" [stack: 0x0000004702000000,0x0000004702800000] [id=30308]
  0x0000017e1dc76000 WatcherThread [stack: 0x0000004706800000,0x0000004707000000] [id=31056]
  0x0000017e78617800 GCTaskThread "GC Thread#0" [stack: 0x000000477f400000,0x000000477fc00000] [id=9248]
  0x0000017e1e37f000 GCTaskThread "GC Thread#1" [stack: 0x0000004708800000,0x0000004709000000] [id=22856]
  0x0000017e1e380000 GCTaskThread "GC Thread#2" [stack: 0x0000004709000000,0x0000004709800000] [id=23032]
  0x0000017e1e37c000 GCTaskThread "GC Thread#3" [stack: 0x0000004709800000,0x000000470a000000] [id=21316]
  0x0000017e7864b800 ConcurrentGCThread "G1 Main Marker" [stack: 0x0000004700000000,0x0000004700800000] [id=35528]
  0x0000017e7864c800 ConcurrentGCThread "G1 Conc#0" [stack: 0x0000004700800000,0x0000004701000000] [id=30584]
  0x0000017e786eb800 ConcurrentGCThread "G1 Refine#0" [stack: 0x0000004701000000,0x0000004701800000] [id=13488]
  0x0000017e786ee000 ConcurrentGCThread "G1 Young RemSet Sampling" [stack: 0x0000004701800000,0x0000004702000000] [id=23712]

Threads with active compile tasks:

VM state:not at safepoint (normal execution)

VM Mutex/Monitor currently owned by a thread: None

Heap address: 0x0000000083200000, size: 1998 MB, Compressed Oops mode: 32-bit
Narrow klass base: 0x0000000000000000, Narrow klass shift: 3
Compressed class space size: 1073741824 Address: 0x0000000100000000

Heap:
 garbage-first heap   total 129024K, used 19916K [0x0000000083200000, 0x0000000100000000)
  region size 1024K, 19 young (19456K), 2 survivors (2048K)
 Metaspace       used 18034K, capacity 18192K, committed 18432K, reserved 1064960K
  class space    used 2519K, capacity 2556K, committed 2560K, reserved 1048576K
Heap Regions: E=young(eden), S=young(survivor), O=old, HS=humongous(starts), HC=humongous(continues), CS=collection set, F=free, A=archive, TAMS=top-at-mark-start (previous, next)
|   0|0x0000000083200000, 0x0000000083300000, 0x0000000083300000|100%|HS|  |TAMS 0x0000000083200000, 0x0000000083200000| Complete 
|   1|0x0000000083300000, 0x0000000083400000, 0x0000000083400000|100%|HC|  |TAMS 0x0000000083300000, 0x0000000083300000| Complete 
|   2|0x0000000083400000, 0x0000000083400000, 0x0000000083500000|  0%| F|  |TAMS 0x0000000083400000, 0x0000000083400000| Untracked 
|   3|0x0000000083500000, 0x0000000083500000, 0x0000000083600000|  0%| F|  |TAMS 0x0000000083500000, 0x0000000083500000| Untracked 
|   4|0x0000000083600000, 0x0000000083600000, 0x0000000083700000|  0%| F|  |TAMS 0x0000000083600000, 0x0000000083600000| Untracked 
|   5|0x0000000083700000, 0x0000000083700000, 0x0000000083800000|  0%| F|  |TAMS 0x0000000083700000, 0x0000000083700000| Untracked 
|   6|0x0000000083800000, 0x0000000083800000, 0x0000000083900000|  0%| F|  |TAMS 0x0000000083800000, 0x0000000083800000| Untracked 
|   7|0x0000000083900000, 0x0000000083900000, 0x0000000083a00000|  0%| F|  |TAMS 0x0000000083900000, 0x0000000083900000| Untracked 
|   8|0x0000000083a00000, 0x0000000083a00000, 0x0000000083b00000|  0%| F|  |TAMS 0x0000000083a00000, 0x0000000083a00000| Untracked 
|   9|0x0000000083b00000, 0x0000000083b00000, 0x0000000083c00000|  0%| F|  |TAMS 0x0000000083b00000, 0x0000000083b00000| Untracked 
|  10|0x0000000083c00000, 0x0000000083c00000, 0x0000000083d00000|  0%| F|  |TAMS 0x0000000083c00000, 0x0000000083c00000| Untracked 
|  11|0x0000000083d00000, 0x0000000083d00000, 0x0000000083e00000|  0%| F|  |TAMS 0x0000000083d00000, 0x0000000083d00000| Untracked 
|  12|0x0000000083e00000, 0x0000000083e00000, 0x0000000083f00000|  0%| F|  |TAMS 0x0000000083e00000, 0x0000000083e00000| Untracked 
|  13|0x0000000083f00000, 0x0000000083f00000, 0x0000000084000000|  0%| F|  |TAMS 0x0000000083f00000, 0x0000000083f00000| Untracked 
|  14|0x0000000084000000, 0x0000000084000000, 0x0000000084100000|  0%| F|  |TAMS 0x0000000084000000, 0x0000000084000000| Untracked 
|  15|0x0000000084100000, 0x0000000084100000, 0x0000000084200000|  0%| F|  |TAMS 0x0000000084100000, 0x0000000084100000| Untracked 
|  16|0x0000000084200000, 0x0000000084200000, 0x0000000084300000|  0%| F|  |TAMS 0x0000000084200000, 0x0000000084200000| Untracked 
|  17|0x0000000084300000, 0x0000000084300000, 0x0000000084400000|  0%| F|  |TAMS 0x0000000084300000, 0x0000000084300000| Untracked 
|  18|0x0000000084400000, 0x0000000084400000, 0x0000000084500000|  0%| F|  |TAMS 0x0000000084400000, 0x0000000084400000| Untracked 
|  19|0x0000000084500000, 0x0000000084500000, 0x0000000084600000|  0%| F|  |TAMS 0x0000000084500000, 0x0000000084500000| Untracked 
|  20|0x0000000084600000, 0x0000000084600000, 0x0000000084700000|  0%| F|  |TAMS 0x0000000084600000, 0x0000000084600000| Untracked 
|  21|0x0000000084700000, 0x0000000084700000, 0x0000000084800000|  0%| F|  |TAMS 0x0000000084700000, 0x0000000084700000| Untracked 
|  22|0x0000000084800000, 0x0000000084800000, 0x0000000084900000|  0%| F|  |TAMS 0x0000000084800000, 0x0000000084800000| Untracked 
|  23|0x0000000084900000, 0x0000000084900000, 0x0000000084a00000|  0%| F|  |TAMS 0x0000000084900000, 0x0000000084900000| Untracked 
|  24|0x0000000084a00000, 0x0000000084a00000, 0x0000000084b00000|  0%| F|  |TAMS 0x0000000084a00000, 0x0000000084a00000| Untracked 
|  25|0x0000000084b00000, 0x0000000084b00000, 0x0000000084c00000|  0%| F|  |TAMS 0x0000000084b00000, 0x0000000084b00000| Untracked 
|  26|0x0000000084c00000, 0x0000000084c00000, 0x0000000084d00000|  0%| F|  |TAMS 0x0000000084c00000, 0x0000000084c00000| Untracked 
|  27|0x0000000084d00000, 0x0000000084d00000, 0x0000000084e00000|  0%| F|  |TAMS 0x0000000084d00000, 0x0000000084d00000| Untracked 
|  28|0x0000000084e00000, 0x0000000084e00000, 0x0000000084f00000|  0%| F|  |TAMS 0x0000000084e00000, 0x0000000084e00000| Untracked 
|  29|0x0000000084f00000, 0x0000000084f00000, 0x0000000085000000|  0%| F|  |TAMS 0x0000000084f00000, 0x0000000084f00000| Untracked 
|  30|0x0000000085000000, 0x0000000085000000, 0x0000000085100000|  0%| F|  |TAMS 0x0000000085000000, 0x0000000085000000| Untracked 
|  31|0x0000000085100000, 0x0000000085100000, 0x0000000085200000|  0%| F|  |TAMS 0x0000000085100000, 0x0000000085100000| Untracked 
|  32|0x0000000085200000, 0x0000000085200000, 0x0000000085300000|  0%| F|  |TAMS 0x0000000085200000, 0x0000000085200000| Untracked 
|  33|0x0000000085300000, 0x0000000085300000, 0x0000000085400000|  0%| F|  |TAMS 0x0000000085300000, 0x0000000085300000| Untracked 
|  34|0x0000000085400000, 0x0000000085400000, 0x0000000085500000|  0%| F|  |TAMS 0x0000000085400000, 0x0000000085400000| Untracked 
|  35|0x0000000085500000, 0x0000000085500000, 0x0000000085600000|  0%| F|  |TAMS 0x0000000085500000, 0x0000000085500000| Untracked 
|  36|0x0000000085600000, 0x0000000085600000, 0x0000000085700000|  0%| F|  |TAMS 0x0000000085600000, 0x0000000085600000| Untracked 
|  37|0x0000000085700000, 0x0000000085700000, 0x0000000085800000|  0%| F|  |TAMS 0x0000000085700000, 0x0000000085700000| Untracked 
|  38|0x0000000085800000, 0x0000000085800000, 0x0000000085900000|  0%| F|  |TAMS 0x0000000085800000, 0x0000000085800000| Untracked 
|  39|0x0000000085900000, 0x0000000085900000, 0x0000000085a00000|  0%| F|  |TAMS 0x0000000085900000, 0x0000000085900000| Untracked 
|  40|0x0000000085a00000, 0x0000000085a00000, 0x0000000085b00000|  0%| F|  |TAMS 0x0000000085a00000, 0x0000000085a00000| Untracked 
|  41|0x0000000085b00000, 0x0000000085b00000, 0x0000000085c00000|  0%| F|  |TAMS 0x0000000085b00000, 0x0000000085b00000| Untracked 
|  42|0x0000000085c00000, 0x0000000085c00000, 0x0000000085d00000|  0%| F|  |TAMS 0x0000000085c00000, 0x0000000085c00000| Untracked 
|  43|0x0000000085d00000, 0x0000000085d00000, 0x0000000085e00000|  0%| F|  |TAMS 0x0000000085d00000, 0x0000000085d00000| Untracked 
|  44|0x0000000085e00000, 0x0000000085e00000, 0x0000000085f00000|  0%| F|  |TAMS 0x0000000085e00000, 0x0000000085e00000| Untracked 
|  45|0x0000000085f00000, 0x0000000085f00000, 0x0000000086000000|  0%| F|  |TAMS 0x0000000085f00000, 0x0000000085f00000| Untracked 
|  46|0x0000000086000000, 0x0000000086000000, 0x0000000086100000|  0%| F|  |TAMS 0x0000000086000000, 0x0000000086000000| Untracked 
|  47|0x0000000086100000, 0x0000000086100000, 0x0000000086200000|  0%| F|  |TAMS 0x0000000086100000, 0x0000000086100000| Untracked 
|  48|0x0000000086200000, 0x0000000086200000, 0x0000000086300000|  0%| F|  |TAMS 0x0000000086200000, 0x0000000086200000| Untracked 
|  49|0x0000000086300000, 0x0000000086300000, 0x0000000086400000|  0%| F|  |TAMS 0x0000000086300000, 0x0000000086300000| Untracked 
|  50|0x0000000086400000, 0x0000000086400000, 0x0000000086500000|  0%| F|  |TAMS 0x0000000086400000, 0x0000000086400000| Untracked 
|  51|0x0000000086500000, 0x0000000086500000, 0x0000000086600000|  0%| F|  |TAMS 0x0000000086500000, 0x0000000086500000| Untracked 
|  52|0x0000000086600000, 0x0000000086600000, 0x0000000086700000|  0%| F|  |TAMS 0x0000000086600000, 0x0000000086600000| Untracked 
|  53|0x0000000086700000, 0x0000000086700000, 0x0000000086800000|  0%| F|  |TAMS 0x0000000086700000, 0x0000000086700000| Untracked 
|  54|0x0000000086800000, 0x0000000086800000, 0x0000000086900000|  0%| F|  |TAMS 0x0000000086800000, 0x0000000086800000| Untracked 
|  55|0x0000000086900000, 0x0000000086900000, 0x0000000086a00000|  0%| F|  |TAMS 0x0000000086900000, 0x0000000086900000| Untracked 
|  56|0x0000000086a00000, 0x0000000086a00000, 0x0000000086b00000|  0%| F|  |TAMS 0x0000000086a00000, 0x0000000086a00000| Untracked 
|  57|0x0000000086b00000, 0x0000000086b00000, 0x0000000086c00000|  0%| F|  |TAMS 0x0000000086b00000, 0x0000000086b00000| Untracked 
|  58|0x0000000086c00000, 0x0000000086c00000, 0x0000000086d00000|  0%| F|  |TAMS 0x0000000086c00000, 0x0000000086c00000| Untracked 
|  59|0x0000000086d00000, 0x0000000086d00000, 0x0000000086e00000|  0%| F|  |TAMS 0x0000000086d00000, 0x0000000086d00000| Untracked 
|  60|0x0000000086e00000, 0x0000000086e00000, 0x0000000086f00000|  0%| F|  |TAMS 0x0000000086e00000, 0x0000000086e00000| Untracked 
|  61|0x0000000086f00000, 0x0000000086f00000, 0x0000000087000000|  0%| F|  |TAMS 0x0000000086f00000, 0x0000000086f00000| Untracked 
|  62|0x0000000087000000, 0x0000000087000000, 0x0000000087100000|  0%| F|  |TAMS 0x0000000087000000, 0x0000000087000000| Untracked 
|  63|0x0000000087100000, 0x0000000087100000, 0x0000000087200000|  0%| F|  |TAMS 0x0000000087100000, 0x0000000087100000| Untracked 
|  64|0x0000000087200000, 0x0000000087200000, 0x0000000087300000|  0%| F|  |TAMS 0x0000000087200000, 0x0000000087200000| Untracked 
|  65|0x0000000087300000, 0x0000000087300000, 0x0000000087400000|  0%| F|  |TAMS 0x0000000087300000, 0x0000000087300000| Untracked 
|  66|0x0000000087400000, 0x0000000087400000, 0x0000000087500000|  0%| F|  |TAMS 0x0000000087400000, 0x0000000087400000| Untracked 
|  67|0x0000000087500000, 0x0000000087500000, 0x0000000087600000|  0%| F|  |TAMS 0x0000000087500000, 0x0000000087500000| Untracked 
|  68|0x0000000087600000, 0x0000000087600000, 0x0000000087700000|  0%| F|  |TAMS 0x0000000087600000, 0x0000000087600000| Untracked 
|  69|0x0000000087700000, 0x0000000087700000, 0x0000000087800000|  0%| F|  |TAMS 0x0000000087700000, 0x0000000087700000| Untracked 
|  70|0x0000000087800000, 0x0000000087800000, 0x0000000087900000|  0%| F|  |TAMS 0x0000000087800000, 0x0000000087800000| Untracked 
|  71|0x0000000087900000, 0x0000000087900000, 0x0000000087a00000|  0%| F|  |TAMS 0x0000000087900000, 0x0000000087900000| Untracked 
|  72|0x0000000087a00000, 0x0000000087a00000, 0x0000000087b00000|  0%| F|  |TAMS 0x0000000087a00000, 0x0000000087a00000| Untracked 
|  73|0x0000000087b00000, 0x0000000087b00000, 0x0000000087c00000|  0%| F|  |TAMS 0x0000000087b00000, 0x0000000087b00000| Untracked 
|  74|0x0000000087c00000, 0x0000000087c00000, 0x0000000087d00000|  0%| F|  |TAMS 0x0000000087c00000, 0x0000000087c00000| Untracked 
|  75|0x0000000087d00000, 0x0000000087d00000, 0x0000000087e00000|  0%| F|  |TAMS 0x0000000087d00000, 0x0000000087d00000| Untracked 
|  76|0x0000000087e00000, 0x0000000087e00000, 0x0000000087f00000|  0%| F|  |TAMS 0x0000000087e00000, 0x0000000087e00000| Untracked 
|  77|0x0000000087f00000, 0x0000000087f00000, 0x0000000088000000|  0%| F|  |TAMS 0x0000000087f00000, 0x0000000087f00000| Untracked 
|  78|0x0000000088000000, 0x0000000088000000, 0x0000000088100000|  0%| F|  |TAMS 0x0000000088000000, 0x0000000088000000| Untracked 
|  79|0x0000000088100000, 0x0000000088100000, 0x0000000088200000|  0%| F|  |TAMS 0x0000000088100000, 0x0000000088100000| Untracked 
|  80|0x0000000088200000, 0x0000000088200000, 0x0000000088300000|  0%| F|  |TAMS 0x0000000088200000, 0x0000000088200000| Untracked 
|  81|0x0000000088300000, 0x0000000088300000, 0x0000000088400000|  0%| F|  |TAMS 0x0000000088300000, 0x0000000088300000| Untracked 
|  82|0x0000000088400000, 0x0000000088400000, 0x0000000088500000|  0%| F|  |TAMS 0x0000000088400000, 0x0000000088400000| Untracked 
|  83|0x0000000088500000, 0x0000000088500000, 0x0000000088600000|  0%| F|  |TAMS 0x0000000088500000, 0x0000000088500000| Untracked 
|  84|0x0000000088600000, 0x0000000088600000, 0x0000000088700000|  0%| F|  |TAMS 0x0000000088600000, 0x0000000088600000| Untracked 
|  85|0x0000000088700000, 0x0000000088700000, 0x0000000088800000|  0%| F|  |TAMS 0x0000000088700000, 0x0000000088700000| Untracked 
|  86|0x0000000088800000, 0x0000000088800000, 0x0000000088900000|  0%| F|  |TAMS 0x0000000088800000, 0x0000000088800000| Untracked 
|  87|0x0000000088900000, 0x0000000088900000, 0x0000000088a00000|  0%| F|  |TAMS 0x0000000088900000, 0x0000000088900000| Untracked 
|  88|0x0000000088a00000, 0x0000000088a00000, 0x0000000088b00000|  0%| F|  |TAMS 0x0000000088a00000, 0x0000000088a00000| Untracked 
|  89|0x0000000088b00000, 0x0000000088b00000, 0x0000000088c00000|  0%| F|  |TAMS 0x0000000088b00000, 0x0000000088b00000| Untracked 
|  90|0x0000000088c00000, 0x0000000088c00000, 0x0000000088d00000|  0%| F|  |TAMS 0x0000000088c00000, 0x0000000088c00000| Untracked 
|  91|0x0000000088d00000, 0x0000000088d00000, 0x0000000088e00000|  0%| F|  |TAMS 0x0000000088d00000, 0x0000000088d00000| Untracked 
|  92|0x0000000088e00000, 0x0000000088e00000, 0x0000000088f00000|  0%| F|  |TAMS 0x0000000088e00000, 0x0000000088e00000| Untracked 
|  93|0x0000000088f00000, 0x0000000088f00000, 0x0000000089000000|  0%| F|  |TAMS 0x0000000088f00000, 0x0000000088f00000| Untracked 
|  94|0x0000000089000000, 0x0000000089000000, 0x0000000089100000|  0%| F|  |TAMS 0x0000000089000000, 0x0000000089000000| Untracked 
|  95|0x0000000089100000, 0x0000000089100000, 0x0000000089200000|  0%| F|  |TAMS 0x0000000089100000, 0x0000000089100000| Untracked 
|  96|0x0000000089200000, 0x0000000089200000, 0x0000000089300000|  0%| F|  |TAMS 0x0000000089200000, 0x0000000089200000| Untracked 
|  97|0x0000000089300000, 0x0000000089300000, 0x0000000089400000|  0%| F|  |TAMS 0x0000000089300000, 0x0000000089300000| Untracked 
|  98|0x0000000089400000, 0x0000000089400000, 0x0000000089500000|  0%| F|  |TAMS 0x0000000089400000, 0x0000000089400000| Untracked 
|  99|0x0000000089500000, 0x0000000089500000, 0x0000000089600000|  0%| F|  |TAMS 0x0000000089500000, 0x0000000089500000| Untracked 
| 100|0x0000000089600000, 0x0000000089673108, 0x0000000089700000| 44%| S|CS|TAMS 0x0000000089600000, 0x0000000089600000| Complete 
| 101|0x0000000089700000, 0x0000000089800000, 0x0000000089800000|100%| S|CS|TAMS 0x0000000089700000, 0x0000000089700000| Complete 
| 102|0x0000000089800000, 0x0000000089800000, 0x0000000089900000|  0%| F|  |TAMS 0x0000000089800000, 0x0000000089800000| Untracked 
| 103|0x0000000089900000, 0x0000000089900000, 0x0000000089a00000|  0%| F|  |TAMS 0x0000000089900000, 0x0000000089900000| Untracked 
| 104|0x0000000089a00000, 0x0000000089a00000, 0x0000000089b00000|  0%| F|  |TAMS 0x0000000089a00000, 0x0000000089a00000| Untracked 
| 105|0x0000000089b00000, 0x0000000089b00000, 0x0000000089c00000|  0%| F|  |TAMS 0x0000000089b00000, 0x0000000089b00000| Untracked 
| 106|0x0000000089c00000, 0x0000000089c00000, 0x0000000089d00000|  0%| F|  |TAMS 0x0000000089c00000, 0x0000000089c00000| Untracked 
| 107|0x0000000089d00000, 0x0000000089d00000, 0x0000000089e00000|  0%| F|  |TAMS 0x0000000089d00000, 0x0000000089d00000| Untracked 
| 108|0x0000000089e00000, 0x0000000089e00000, 0x0000000089f00000|  0%| F|  |TAMS 0x0000000089e00000, 0x0000000089e00000| Untracked 
| 109|0x0000000089f00000, 0x0000000089f00800, 0x000000008a000000|  0%| E|  |TAMS 0x0000000089f00000, 0x0000000089f00000| Complete 
| 110|0x000000008a000000, 0x000000008a100000, 0x000000008a100000|100%| E|CS|TAMS 0x000000008a000000, 0x000000008a000000| Complete 
| 111|0x000000008a100000, 0x000000008a200000, 0x000000008a200000|100%| E|CS|TAMS 0x000000008a100000, 0x000000008a100000| Complete 
| 112|0x000000008a200000, 0x000000008a300000, 0x000000008a300000|100%| E|CS|TAMS 0x000000008a200000, 0x000000008a200000| Complete 
| 113|0x000000008a300000, 0x000000008a400000, 0x000000008a400000|100%| E|CS|TAMS 0x000000008a300000, 0x000000008a300000| Complete 
| 114|0x000000008a400000, 0x000000008a500000, 0x000000008a500000|100%| E|CS|TAMS 0x000000008a400000, 0x000000008a400000| Complete 
| 115|0x000000008a500000, 0x000000008a600000, 0x000000008a600000|100%| E|CS|TAMS 0x000000008a500000, 0x000000008a500000| Complete 
| 116|0x000000008a600000, 0x000000008a700000, 0x000000008a700000|100%| E|CS|TAMS 0x000000008a600000, 0x000000008a600000| Complete 
| 117|0x000000008a700000, 0x000000008a800000, 0x000000008a800000|100%| E|CS|TAMS 0x000000008a700000, 0x000000008a700000| Complete 
| 118|0x000000008a800000, 0x000000008a900000, 0x000000008a900000|100%| E|CS|TAMS 0x000000008a800000, 0x000000008a800000| Complete 
| 119|0x000000008a900000, 0x000000008aa00000, 0x000000008aa00000|100%| E|CS|TAMS 0x000000008a900000, 0x000000008a900000| Complete 
| 120|0x000000008aa00000, 0x000000008ab00000, 0x000000008ab00000|100%| E|CS|TAMS 0x000000008aa00000, 0x000000008aa00000| Complete 
| 121|0x000000008ab00000, 0x000000008ac00000, 0x000000008ac00000|100%| E|CS|TAMS 0x000000008ab00000, 0x000000008ab00000| Complete 
| 122|0x000000008ac00000, 0x000000008ad00000, 0x000000008ad00000|100%| E|CS|TAMS 0x000000008ac00000, 0x000000008ac00000| Complete 
| 123|0x000000008ad00000, 0x000000008ae00000, 0x000000008ae00000|100%| E|CS|TAMS 0x000000008ad00000, 0x000000008ad00000| Complete 
| 124|0x000000008ae00000, 0x000000008af00000, 0x000000008af00000|100%| E|CS|TAMS 0x000000008ae00000, 0x000000008ae00000| Complete 
| 125|0x000000008af00000, 0x000000008b000000, 0x000000008b000000|100%| E|CS|TAMS 0x000000008af00000, 0x000000008af00000| Complete 

Card table byte_map: [0x0000017e7fb30000,0x0000017e7ff20000] _byte_map_base: 0x0000017e7f717000

Marking Bits (Prev, Next): (CMBitMap*) 0x0000017e78642f78, (CMBitMap*) 0x0000017e78642fb0
 Prev Bits: [0x0000017e16b60000, 0x0000017e18a98000)
 Next Bits: [0x0000017e18aa0000, 0x0000017e1a9d8000)

Polling page: 0x0000017e77480000

Metaspace:

Usage:
  Non-class:     15.27 MB capacity,    15.15 MB (>99%) used,   108.91 KB ( <1%) free+waste,    12.56 KB ( <1%) overhead. 
      Class:      2.50 MB capacity,     2.46 MB ( 99%) used,    31.28 KB (  1%) free+waste,     5.25 KB ( <1%) overhead. 
       Both:     17.77 MB capacity,    17.61 MB (>99%) used,   140.19 KB ( <1%) free+waste,    17.81 KB ( <1%) overhead. 

Virtual space:
  Non-class space:       16.00 MB reserved,      15.50 MB ( 97%) committed 
      Class space:        1.00 GB reserved,       2.50 MB ( <1%) committed 
             Both:        1.02 GB reserved,      18.00 MB (  2%) committed 

Chunk freelists:
   Non-Class:  5.50 KB
       Class:  512 bytes
        Both:  6.00 KB

CodeHeap 'non-profiled nmethods': size=120000Kb used=185Kb max_used=185Kb free=119814Kb
 bounds [0x0000017e0f240000, 0x0000017e0f4b0000, 0x0000017e16770000]
CodeHeap 'profiled nmethods': size=120000Kb used=1400Kb max_used=1400Kb free=118599Kb
 bounds [0x0000017e07d10000, 0x0000017e07f80000, 0x0000017e0f240000]
CodeHeap 'non-nmethods': size=5760Kb used=1097Kb max_used=1113Kb free=4662Kb
 bounds [0x0000017e07770000, 0x0000017e079e0000, 0x0000017e07d10000]
 total_blobs=1114 nmethods=705 adapters=329
 compilation: enabled
              stopped_count=0, restarted_count=0
 full_count=0

Compilation events (10 events):
Event: 27.611 Thread 0x0000017e78836800  700       3       java.lang.StackTraceElement::toString (322 bytes)
Event: 27.615 Thread 0x0000017e78836800 nmethod 700 0x0000017e07e67890 code [0x0000017e07e67fe0, 0x0000017e07e6bbd8]
Event: 28.164 Thread 0x0000017e78833800  701       4       java.util.ArrayList::get (15 bytes)
Event: 28.166 Thread 0x0000017e78833800 nmethod 701 0x0000017e0f26dd90 code [0x0000017e0f26df20, 0x0000017e0f26dff8]
Event: 28.206 Thread 0x0000017e78836800  702       3       java.io.FileOutputStream::write (20 bytes)
Event: 28.206 Thread 0x0000017e78836800 nmethod 702 0x0000017e07e6ce90 code [0x0000017e07e6d040, 0x0000017e07e6d1e8]
Event: 28.206 Thread 0x0000017e78836800  705   !   3       java.io.BufferedWriter::flushBuffer (53 bytes)
Event: 28.206 Thread 0x0000017e78836800 nmethod 705 0x0000017e07e6d310 code [0x0000017e07e6d500, 0x0000017e07e6da98]
Event: 28.206 Thread 0x0000017e78836800  703       3       java.io.FileDescriptor$1::getAppend (5 bytes)
Event: 28.206 Thread 0x0000017e78836800 nmethod 703 0x0000017e07e6dd10 code [0x0000017e07e6dea0, 0x0000017e07e6dfb8]

GC Heap History (2 events):
Event: 0.700 GC heap before
{Heap before GC invocations=0 (full 0):
 garbage-first heap   total 129024K, used 27648K [0x0000000083200000, 0x0000000100000000)
  region size 1024K, 24 young (24576K), 0 survivors (0K)
 Metaspace       used 14632K, capacity 14800K, committed 14976K, reserved 1062912K
  class space    used 1824K, capacity 1874K, committed 1920K, reserved 1048576K
}
Event: 0.703 GC heap after
{Heap after GC invocations=1 (full 0):
 garbage-first heap   total 129024K, used 3532K [0x0000000083200000, 0x0000000100000000)
  region size 1024K, 2 young (2048K), 2 survivors (2048K)
 Metaspace       used 14632K, capacity 14800K, committed 14976K, reserved 1062912K
  class space    used 1824K, capacity 1874K, committed 1920K, reserved 1048576K
}

Deoptimization events (2 events):
Event: 0.794 Thread 0x0000017e785dd800 Uncommon trap: reason=unstable_if action=reinterpret pc=0x0000017e0f25ce00 method=java.util.ArrayList$Itr.hasNext()Z @ 11 c2
Event: 0.833 Thread 0x0000017e785dd800 Uncommon trap: reason=unstable_if action=reinterpret pc=0x0000017e0f258588 method=java.util.zip.ZipFile$Source.getEntryPos([BZ)I @ 36 c2

Classes redefined (0 events):
No events

Internal exceptions (0 events):
No events

Events (10 events):
Event: 1.558 loading class java/lang/StrictMath
Event: 1.559 loading class java/lang/StrictMath done
Event: 3.229 loading class kotlin/jvm/internal/TypeIntrinsics
Event: 3.229 loading class kotlin/jvm/internal/TypeIntrinsics done
Event: 5.692 Executing VM operation: RevokeBias
Event: 5.692 Executing VM operation: RevokeBias done
Event: 6.009 loading class kotlin/TypeCastException
Event: 6.009 loading class kotlin/TypeCastException done
Event: 26.611 Executing VM operation: BulkRevokeBias
Event: 26.611 Executing VM operation: BulkRevokeBias done


Dynamic libraries:
0x00007ff6f57e0000 - 0x00007ff6f988b000 	C:\Program Files\Godot Kotlin\godot.windows.opt.tools.64.exe
0x00007ffc40390000 - 0x00007ffc40585000 	C:\Windows\SYSTEM32\ntdll.dll
0x00007ffc19000000 - 0x00007ffc19016000 	C:\Program Files\AVG\Antivirus\aswhook.dll
0x00007ffc40290000 - 0x00007ffc4034e000 	C:\Windows\System32\KERNEL32.DLL
0x00007ffc3e110000 - 0x00007ffc3e3d8000 	C:\Windows\System32\KERNELBASE.dll
0x00007ffc3e9b0000 - 0x00007ffc3eada000 	C:\Windows\System32\ole32.dll
0x00007ffc3dae0000 - 0x00007ffc3dbe0000 	C:\Windows\System32\ucrtbase.dll
0x00007ffc2a100000 - 0x00007ffc2a225000 	C:\Windows\SYSTEM32\OPENGL32.dll
0x00007ffc3fb90000 - 0x00007ffc3fcba000 	C:\Windows\System32\RPCRT4.dll
0x00007ffc3e3e0000 - 0x00007ffc3e47e000 	C:\Windows\System32\msvcrt.dll
0x00007ffc370d0000 - 0x00007ffc370f7000 	C:\Windows\SYSTEM32\WINMM.dll
0x00007ffc3e5c0000 - 0x00007ffc3e915000 	C:\Windows\System32\combase.dll
0x00007ffc3f6e0000 - 0x00007ffc3f78c000 	C:\Windows\System32\ADVAPI32.dll
0x00007ffc3e480000 - 0x00007ffc3e4ab000 	C:\Windows\System32\GDI32.dll
0x00007ffc3f350000 - 0x00007ffc3f3eb000 	C:\Windows\System32\sechost.dll
0x00007ffc3dee0000 - 0x00007ffc3df02000 	C:\Windows\System32\win32u.dll
0x00007ffc3f4d0000 - 0x00007ffc3f671000 	C:\Windows\System32\USER32.dll
0x00007ffc3ddd0000 - 0x00007ffc3dedb000 	C:\Windows\System32\gdi32full.dll
0x00007ffc3dfc0000 - 0x00007ffc3e05d000 	C:\Windows\System32\msvcp_win.dll
0x00007ffc3eae0000 - 0x00007ffc3f21f000 	C:\Windows\System32\SHELL32.dll
0x00007ffc2eeb0000 - 0x00007ffc2eedc000 	C:\Windows\SYSTEM32\GLU32.dll
0x00007ffc3fae0000 - 0x00007ffc3fb10000 	C:\Windows\System32\IMM32.dll
0x00007ffc3f680000 - 0x00007ffc3f6d5000 	C:\Windows\System32\SHLWAPI.dll
0x00007ffc2e270000 - 0x00007ffc2e2b5000 	C:\Windows\SYSTEM32\DINPUT8.dll
0x00007ffc40220000 - 0x00007ffc4028b000 	C:\Windows\System32\WS2_32.dll
0x00007ffc3dab0000 - 0x00007ffc3dad7000 	C:\Windows\System32\bcrypt.dll
0x00007ffc3a680000 - 0x00007ffc3a6af000 	C:\Windows\SYSTEM32\dwmapi.dll
0x00007ffc332e0000 - 0x00007ffc332ea000 	C:\Windows\SYSTEM32\AVRT.dll
0x00007ffc3c830000 - 0x00007ffc3c86b000 	C:\Windows\SYSTEM32\IPHLPAPI.DLL
0x00007ffc3d450000 - 0x00007ffc3d634000 	C:\Windows\SYSTEM32\dbghelp.dll
0x00007ffc1d920000 - 0x00007ffc1d929000 	C:\Windows\SYSTEM32\WSOCK32.dll
0x00007ffc2bf20000 - 0x00007ffc2c072000 	C:\Windows\SYSTEM32\inputhost.dll
0x00007ffc3f2a0000 - 0x00007ffc3f34d000 	C:\Windows\System32\shcore.dll
0x00007ffc3fcd0000 - 0x00007ffc3fd9d000 	C:\Windows\System32\OLEAUT32.dll
0x00007ffc35710000 - 0x00007ffc35864000 	C:\Windows\SYSTEM32\wintypes.dll
0x00007ffc36dd0000 - 0x00007ffc36ec2000 	C:\Windows\SYSTEM32\CoreMessaging.dll
0x00007ffc34e00000 - 0x00007ffc34ef6000 	C:\Windows\SYSTEM32\PROPSYS.dll
0x00007ffc3dbe0000 - 0x00007ffc3dc63000 	C:\Windows\System32\bcryptPrimitives.dll
0x00007ffc366f0000 - 0x00007ffc36a4e000 	C:\Windows\SYSTEM32\CoreUIComponents.dll
0x00007ffc3d7f0000 - 0x00007ffc3d823000 	C:\Windows\SYSTEM32\ntmarta.dll
0x00007ffc3b510000 - 0x00007ffc3b522000 	C:\Windows\SYSTEM32\kernel.appcore.dll
0x00007ffc24d90000 - 0x00007ffc24dca000 	C:\Windows\SYSTEM32\wintab32.dll
0x00007ffc3cb00000 - 0x00007ffc3cb6a000 	C:\Windows\system32\mswsock.dll
0x00007ffc37360000 - 0x00007ffc373fe000 	C:\Windows\system32\uxtheme.dll
0x00007ffc0ae70000 - 0x00007ffc0af6c000 	C:\ProgramData\A-Volute\DellInc.AlienwareSoundCenter\Modules\ScheduledModules\x64\DellInc.AlienwareSoundCenterDevProps2.dll
0x00007ffc0b330000 - 0x00007ffc0b3dd000 	C:\ProgramData\A-Volute\DellInc.AlienwareSoundCenter\Modules\ScheduledModules\x64\NahimicOSD.dll
0x00007ffc34400000 - 0x00007ffc34421000 	C:\ProgramData\A-Volute\DellInc.AlienwareSoundCenter\Modules\ScheduledModules\x64\ProductInfo.dll
0x00007ffc3f7b0000 - 0x00007ffc3f8c5000 	C:\Windows\System32\MSCTF.dll
0x00007ffc3ad70000 - 0x00007ffc3b500000 	C:\Windows\SYSTEM32\windows.storage.dll
0x00007ffc3ce10000 - 0x00007ffc3ce3e000 	C:\Windows\SYSTEM32\Wldp.dll
0x00007ffc3e4b0000 - 0x00007ffc3e559000 	C:\Windows\System32\clbcatq.dll
0x00007ffbd0700000 - 0x00007ffbd3093000 	C:\Windows\System32\DriverStore\FileRepository\nvdm.inf_amd64_5848d6f3df1e6423\nvoglv64.dll
0x00007ffc3fda0000 - 0x00007ffc40212000 	C:\Windows\System32\SETUPAPI.dll
0x00007ffc3ad50000 - 0x00007ffc3ad5a000 	C:\Windows\SYSTEM32\VERSION.dll
0x00007ffc34130000 - 0x00007ffc34144000 	C:\Windows\SYSTEM32\WTSAPI32.dll
0x0000017e70df0000 - 0x0000017e70e3e000 	C:\Windows\System32\cfgmgr32.dll
0x00007ffc3d240000 - 0x00007ffc3d252000 	C:\Windows\SYSTEM32\msasn1.dll
0x00007ffc2fc90000 - 0x00007ffc2fcc1000 	C:\Windows\SYSTEM32\cryptnet.dll
0x00007ffc3dc70000 - 0x00007ffc3ddc6000 	C:\Windows\System32\CRYPT32.dll
0x00007ffc3cdd0000 - 0x00007ffc3cddc000 	C:\Windows\SYSTEM32\cryptbase.dll
0x00007ffc3d850000 - 0x00007ffc3d884000 	C:\Windows\System32\DEVOBJ.dll
0x00007ffc3e060000 - 0x00007ffc3e0c0000 	C:\Windows\System32\WINTRUST.dll
0x00007ffc2fe00000 - 0x00007ffc2fe3b000 	C:\Windows\SYSTEM32\dxcore.dll
0x00007ffbecdf0000 - 0x00007ffbed0a9000 	C:\Windows\system32\nvspcap64.dll
0x00007ffc3d9f0000 - 0x00007ffc3da0f000 	C:\Windows\SYSTEM32\profapi.dll
0x00007ffc3d6c0000 - 0x00007ffc3d70b000 	C:\Windows\SYSTEM32\powrprof.dll
0x00007ffc3d400000 - 0x00007ffc3d412000 	C:\Windows\SYSTEM32\UMPDC.dll
0x00007ffc3c1b0000 - 0x00007ffc3c20a000 	C:\Windows\SYSTEM32\WINSTA.dll
0x00007ffc32220000 - 0x00007ffc32231000 	C:\Windows\SYSTEM32\XInput1_4.dll
0x00007ffc3b500000 - 0x00007ffc3b50d000 	C:\Windows\SYSTEM32\HID.DLL
0x00007ffc23d40000 - 0x00007ffc23dc5000 	C:\Windows\System32\MMDevApi.dll
0x00007ffc2c2a0000 - 0x00007ffc2c421000 	C:\Windows\SYSTEM32\AudioSes.dll
0x00007ffc3a6b0000 - 0x00007ffc3a6c4000 	C:\Windows\SYSTEM32\resourcepolicyclient.dll
0x00007ffc2ea40000 - 0x00007ffc2eb39000 	C:\Windows\SYSTEM32\textinputframework.dll
0x00007ffc1aae0000 - 0x00007ffc1ab46000 	C:\Windows\system32\Oleacc.dll
0x00007ffc32270000 - 0x00007ffc3243e000 	C:\Windows\SYSTEM32\d3d9.dll
0x00007ffc3fb70000 - 0x00007ffc3fb8d000 	C:\Windows\System32\imagehlp.dll
0x00007ffc3d830000 - 0x00007ffc3d848000 	C:\Windows\SYSTEM32\CRYPTSP.dll
0x00007ffc3c4e0000 - 0x00007ffc3c514000 	C:\Windows\system32\rsaenh.dll
0x00007ffc3b580000 - 0x00007ffc3b674000 	C:\Windows\system32\dxgi.dll
0x00007ffc35870000 - 0x00007ffc35ad4000 	C:\Windows\system32\d3d11.dll
0x00007ffc37210000 - 0x00007ffc37315000 	C:\Windows\System32\DriverStore\FileRepository\nvdm.inf_amd64_5848d6f3df1e6423\nvldumdx.dll
0x00007ffbc3c10000 - 0x00007ffbc85e7000 	C:\Windows\System32\DriverStore\FileRepository\nvdm.inf_amd64_5848d6f3df1e6423\nvwgf2umx.dll
0x00007ffc2abb0000 - 0x00007ffc2b2a2000 	C:\Windows\SYSTEM32\nvapi64.dll
0x00007ffbde300000 - 0x00007ffbdf4e2000 	C:\Windows\System32\DriverStore\FileRepository\iigd_dch.inf_amd64_4de65d949492707a\igd10iumd64.dll
0x00007ffc3ce80000 - 0x00007ffc3cea7000 	C:\Windows\SYSTEM32\ncrypt.dll
0x00007ffc3ce40000 - 0x00007ffc3ce7b000 	C:\Windows\SYSTEM32\NTASN1.dll
0x00007ffbed800000 - 0x00007ffbedb36000 	C:\Windows\System32\DriverStore\FileRepository\iigd_dch.inf_amd64_4de65d949492707a\igdgmm64.dll
0x00007ffbd9350000 - 0x00007ffbdc0df000 	C:\Windows\System32\DriverStore\FileRepository\iigd_dch.inf_amd64_4de65d949492707a\igc64.dll
0x00007ffbdfed0000 - 0x00007ffbe09cb000 	C:\Users\morai\OneDrive\Documentos\GitLab\GodotImplementation\cmob-godotimplementation\GodotKotlin\CoreModelTrail\jre\bin\server\jvm.dll
0x00007ffc3fcc0000 - 0x00007ffc3fcc8000 	C:\Windows\System32\PSAPI.DLL
0x00007ffc0dce0000 - 0x00007ffc0dcfb000 	C:\Windows\SYSTEM32\VCRUNTIME140.dll
0x00007ffc2f5b0000 - 0x00007ffc2f5c0000 	C:\Users\morai\OneDrive\Documentos\GitLab\GodotImplementation\cmob-godotimplementation\GodotKotlin\CoreModelTrail\jre\bin\verify.dll
0x00007ffc3d420000 - 0x00007ffc3d44c000 	C:\Windows\SYSTEM32\dbgcore.DLL
0x00007ffc2eee0000 - 0x00007ffc2ef08000 	C:\Users\morai\OneDrive\Documentos\GitLab\GodotImplementation\cmob-godotimplementation\GodotKotlin\CoreModelTrail\jre\bin\java.dll
0x00007ffc2e700000 - 0x00007ffc2e70a000 	C:\Users\morai\OneDrive\Documentos\GitLab\GodotImplementation\cmob-godotimplementation\GodotKotlin\CoreModelTrail\jre\bin\jimage.dll
0x00007ffc2e200000 - 0x00007ffc2e216000 	C:\Users\morai\OneDrive\Documentos\GitLab\GodotImplementation\cmob-godotimplementation\GodotKotlin\CoreModelTrail\jre\bin\zip.dll
0x00007ffc2dcf0000 - 0x00007ffc2dd09000 	C:\Users\morai\OneDrive\Documentos\GitLab\GodotImplementation\cmob-godotimplementation\GodotKotlin\CoreModelTrail\jre\bin\net.dll
0x00007ffc34690000 - 0x00007ffc3479c000 	C:\Windows\SYSTEM32\WINHTTP.dll
0x00007ffc27260000 - 0x00007ffc27272000 	C:\Users\morai\OneDrive\Documentos\GitLab\GodotImplementation\cmob-godotimplementation\GodotKotlin\CoreModelTrail\jre\bin\nio.dll

dbghelp: loaded successfully - version: 4.0.5 - missing functions: none
symbol engine: initialized successfully - sym options: 0x614 - pdb path: .;C:\Program Files\Godot Kotlin;C:\Windows\SYSTEM32;C:\Program Files\AVG\Antivirus;C:\ProgramData\A-Volute\DellInc.AlienwareSoundCenter\Modules\ScheduledModules\x64;C:\Windows\System32\DriverStore\FileRepository\nvdm.inf_amd64_5848d6f3df1e6423;C:\Windows\System32\DriverStore\FileRepository\iigd_dch.inf_amd64_4de65d949492707a;C:\Users\morai\OneDrive\Documentos\GitLab\GodotImplementation\cmob-godotimplementation\GodotKotlin\CoreModelTrail\jre\bin\server;C:\Users\morai\OneDrive\Documentos\GitLab\GodotImplementation\cmob-godotimplementation\GodotKotlin\CoreModelTrail\jre\bin

VM Arguments:
jvm_args: -Xcheck:jni 
java_command: <unknown>
java_class_path (initial): <not set>
Launcher Type: generic

[Global flags]
     intx CICompilerCount                          = 4                                         {product} {ergonomic}
     uint ConcGCThreads                            = 2                                         {product} {ergonomic}
     uint G1ConcRefinementThreads                  = 8                                         {product} {ergonomic}
   size_t G1HeapRegionSize                         = 1048576                                   {product} {ergonomic}
    uintx GCDrainStackTargetSize                   = 64                                        {product} {ergonomic}
   size_t InitialHeapSize                          = 132120576                                 {product} {ergonomic}
   size_t MarkStackSize                            = 4194304                                   {product} {ergonomic}
   size_t MaxHeapSize                              = 2095054848                                {product} {ergonomic}
   size_t MaxNewSize                               = 1256194048                                {product} {ergonomic}
   size_t MinHeapDeltaBytes                        = 1048576                                   {product} {ergonomic}
    uintx NonNMethodCodeHeapSize                   = 5836300                                {pd product} {ergonomic}
    uintx NonProfiledCodeHeapSize                  = 122910970                              {pd product} {ergonomic}
    uintx ProfiledCodeHeapSize                     = 122910970                              {pd product} {ergonomic}
    uintx ReservedCodeCacheSize                    = 251658240                              {pd product} {ergonomic}
     bool SegmentedCodeCache                       = true                                      {product} {ergonomic}
     bool UseCompressedClassPointers               = true                                 {lp64_product} {ergonomic}
     bool UseCompressedOops                        = true                                 {lp64_product} {ergonomic}
     bool UseG1GC                                  = true                                      {product} {ergonomic}
     bool UseLargePagesIndividualAllocation        = false                                  {pd product} {ergonomic}

Logging:
Log output configuration:
 #0: stdout all=warning uptime,level,tags
 #1: stderr all=off uptime,level,tags

Environment Variables:
JAVA_HOME=C:\Program Files\Java\jdk-11.0.10
PATH=C:\Program Files\Java\jdk-11.0.10\bin;C:\Program Files\Common Files\Oracle\Java\javapath;C:\Program Files (x86)\Common Files\Oracle\Java\javapath;C:\Windows\system32;C:\Windows;C:\Windows\System32\Wbem;C:\Windows\System32\WindowsPowerShell\v1.0\;C:\Windows\System32\OpenSSH\;C:\Program Files (x86)\NVIDIA Corporation\PhysX\Common;C:\Program Files\NVIDIA Corporation\NVIDIA NvDLISR;C:\Program Files\Git\cmd;C:\Users\morai\AppData\Local\Android\Sdk\platform-tools;C:\Users\morai\AppData\Local\Programs\Python\Python39\Scripts\;C:\Users\morai\AppData\Local\Programs\Python\Python39\;C:\Users\morai\AppData\Local\Microsoft\WindowsApps;;C:\Users\morai\AppData\Local\Programs\Microsoft VS Code\bin;C:\Program Files\JetBrains\PyCharm Community Edition 2020.3.5\bin;;C:\Program Files\JetBrains\IntelliJ IDEA Community Edition 2021.1\bin;;C:\intelFPGA_lite\17.1\modelsim_ase\win32aloem
USERNAME=morai
OS=Windows_NT
PROCESSOR_IDENTIFIER=Intel64 Family 6 Model 165 Stepping 2, GenuineIntel



---------------  S Y S T E M  ---------------

OS: Windows 10 , 64 bit Build 19041 (10.0.19041.1348)
Hyper-V role detected

CPU:total 8 (initial active 8) (4 cores per cpu, 2 threads per core) family 6 model 165 stepping 2 microcode 0xea, cmov, cx8, fxsr, mmx, sse, sse2, sse3, ssse3, sse4.1, sse4.2, popcnt, avx, avx2, aes, clmul, erms, 3dnowpref, lzcnt, ht, tsc, tscinvbit, bmi1, bmi2, adx, fma

Memory: 4k page, system-wide physical 7985M (420M free)
TotalPageFile size 26489M (AvailPageFile size 12402M)
current process WorkingSet (physical memory assigned to process): 212M, peak: 219M
current process commit charge ("private bytes"): 667M, peak: 783M

vm_info: Java HotSpot(TM) 64-Bit Server VM (11.0.10+8-LTS-162) for windows-amd64 JRE (11.0.10+8-LTS-162), built on Dec  8 2020 16:32:57 by "mach5one" with MS VC++ 15.9 (VS2017)

END.
