#
# A fatal error has been detected by the Java Runtime Environment:
#
#  EXCEPTION_UNCAUGHT_CXX_EXCEPTION (0xe06d7363) at pc=0x00007ffc3e144f69, pid=17112, tid=35076
#
# JRE version: Java(TM) SE Runtime Environment 18.9 (11.0.10+8) (build 11.0.10+8-LTS-162)
# Java VM: Java HotSpot(TM) 64-Bit Server VM 18.9 (11.0.10+8-LTS-162, mixed mode, tiered, compressed oops, g1 gc, windows-amd64)
# Problematic frame:
# C  [KERNELBASE.dll+0x34f69]
#
# No core dump will be written. Minidumps are not enabled by default on client versions of Windows
#
# If you would like to submit a bug report, please visit:
#   https://bugreport.java.com/bugreport/crash.jsp
# The crash happened outside the Java Virtual Machine in native code.
# See problematic frame for where to report the bug.
#

---------------  S U M M A R Y ------------

Command Line: -Xcheck:jni 

Host: Intel(R) Core(TM) i5-10300H CPU @ 2.50GHz, 8 cores, 7G,  Windows 10 , 64 bit Build 19041 (10.0.19041.1348)
Time: Fri Nov 26 10:34:40 2021 Hora oficial do Brasil elapsed time: 10.315265 seconds (0d 0h 0m 10s)

---------------  T H R E A D  ---------------

Current thread (0x000001cbea63f800):  JavaThread "Timer-11" [_thread_in_native, id=35076, stack(0x000000405d850000,0x000000405e050000)]

Stack: [0x000000405d850000,0x000000405e050000],  sp=0x000000405e04e690,  free space=8185k
Native frames: (J=compiled Java code, j=interpreted, Vv=VM code, C=native code)
C  [KERNELBASE.dll+0x34f69]
C  [godot.windows.opt.tools.64.exe+0x23bef44]
C  [godot.windows.opt.tools.64.exe+0x23c0b4d]
C  [godot.windows.opt.tools.64.exe+0x1876a1f]
C  [godot.windows.opt.tools.64.exe+0x665b2a]
C  0x000001cbd7f458a0

Java frames: (J=compiled Java code, j=interpreted, Vv=VM code)
J 541  godot.core.TransferContext.icall(JII)V (0 bytes) @ 0x000001cbd7f45800 [0x000001cbd7f457c0+0x0000000000000040]
J 540 c1 godot.core.TransferContext.callMethod(JILgodot/core/VariantType;)V (19 bytes) @ 0x000001cbd0ad8afc [0x000001cbd0ad87c0+0x000000000000033c]
j  godot.Node2D.getPosition()Lgodot/core/Vector2;+23
j  com.example.game.environment.Apple2D.getPos()Lgodot/core/Vector2;+1
j  com.example.game.cst.codelets.perception.ClosestAppleDetector.proc()V+86
j  br.unicamp.cst.core.entities.Codelet$CodeletTimerTask.run()V+67
j  java.util.TimerThread.mainLoop()V+221 java.base@11.0.10
j  java.util.TimerThread.run()V+1 java.base@11.0.10
v  ~StubRoutines::call_stub

siginfo: EXCEPTION_UNCAUGHT_CXX_EXCEPTION (0xe06d7363), ExceptionInformation=0x0000000019930520 0x000000405e04e800 0x00007ff6f910ff70 0x00007ff6f57e0000 


Register to memory mapping:

RIP=0x00007ffc3e144f69 KERNELBASE.dll
RAX=0x000000405e04e7d0 is pointing into the stack for thread: 0x000001cbea63f800
RBX=0x00007ff6f910ff70 godot.windows.opt.tools.64.exe
RCX=
[error occurred during error reporting (printing register info), id 0xc0000005, EXCEPTION_ACCESS_VIOLATION (0xc0000005) at pc=0x00007ffbe01a71c6]

Registers:
RAX=0x000000405e04e7d0, RBX=0x00007ff6f910ff70, RCX=0x00000000e8aec0a8, RDX=0x000000405e04d970
RSP=0x000000405e04e690, RBP=0x0000000000000000, RSI=0x000000405e04e800, RDI=0x0000000019930520
R8 =0x00007ff6f7ba0a0c, R9 =0x00007ff6f7ba0b72, R10=0x00007ff6f57e0000, R11=0x00007ff6f981509c
R12=0x00007ff6f969ce20, R13=0x0000000000000000, R14=0x0000000000000000, R15=0x00007ff6f96a0ad0
RIP=0x00007ffc3e144f69, EFLAGS=0x0000000000000206

Top of Stack: (sp=0x000000405e04e690)
0x000000405e04e690:   0000004000000527 00007ff6f910ff70
0x000000405e04e6a0:   000000405e04e800 00007ffbe04d551f
0x000000405e04e6b0:   00000001e06d7363 0000000000000000
0x000000405e04e6c0:   00007ffc3e144f69 00007ffb00000004
0x000000405e04e6d0:   0000000019930520 000000405e04e800
0x000000405e04e6e0:   00007ff6f910ff70 00007ff6f57e0000
0x000000405e04e6f0:   0000000000000000 00007ff6f969ce20
0x000000405e04e700:   000000405e04e800 0000000000000000
0x000000405e04e710:   000000405e04e790 00007ffc403c4a5f
0x000000405e04e720:   0000000019930520 000001cb00000000
0x000000405e04e730:   0000000000000000 00007ffbdfed0000
0x000000405e04e740:   00007ff6f9743000 00007ff6f57e0000
0x000000405e04e750:   0000d197d65636d9 000001cbc215bf49
0x000000405e04e760:   00007ff6f910ff70 00007ff6f7b9ef44
0x000000405e04e770:   000000017c015a33 00007ffbdffd748a
0x000000405e04e780:   000000405e04e7e0 00007ffbe05637fd 

Instructions: (pc=0x00007ffc3e144f69)
0x00007ffc3e144f49:   8b d1 44 0f 47 c0 44 89 44 24 38 49 c1 e0 03 e8
0x00007ffc3e144f59:   1a d5 05 00 48 8d 4c 24 20 48 ff 15 8f 9d 18 00
0x00007ffc3e144f69:   0f 1f 44 00 00 48 8b 8c 24 c0 00 00 00 48 33 cc
0x00007ffc3e144f79:   e8 52 97 05 00 48 81 c4 d8 00 00 00 c3 cc 83 64 


Stack slot to memory mapping:
stack at sp + 0 slots: 0x0000004000000527 is an unknown value
stack at sp + 1 slots: 0x00007ff6f910ff70 godot.windows.opt.tools.64.exe
stack at sp + 2 slots: 0x000000405e04e800 is pointing into the stack for thread: 0x000001cbea63f800
stack at sp + 3 slots: 0x00007ffbe04d551f jvm.dll
stack at sp + 4 slots: 0x00000001e06d7363 is an unknown value
stack at sp + 5 slots: 0x0 is NULL
stack at sp + 6 slots: 0x00007ffc3e144f69 KERNELBASE.dll
stack at sp + 7 slots: 0x00007ffb00000004 is an unknown value


---------------  P R O C E S S  ---------------

Threads class SMR info:
_java_thread_list=0x000001cbe7661be0, length=21, elements={
0x000001cbc1fdc000, 0x000001cbc21db800, 0x000001cbe7431800, 0x000001cbe73ef000,
0x000001cbe743c000, 0x000001cbe7445800, 0x000001cbe7446800, 0x000001cbe7449800,
0x000001cbe754e800, 0x000001cbe75c6800, 0x000001cbe7667800, 0x000001cbea642000,
0x000001cbea643000, 0x000001cbea640800, 0x000001cbea63f800, 0x000001cbea63d800,
0x000001cbea641800, 0x000001cbea644000, 0x000001cbea63e000, 0x000001cbea647000,
0x000001cbea649800
}

Java Threads: ( => current thread )
  0x000001cbc1fdc000 JavaThread "main" [_thread_in_native, id=7612, stack(0x0000004041000000,0x0000004041800000)]
  0x000001cbc21db800 JavaThread "Reference Handler" daemon [_thread_blocked, id=34148, stack(0x000000404c050000,0x000000404c850000)]
  0x000001cbe7431800 JavaThread "Finalizer" daemon [_thread_blocked, id=11496, stack(0x000000404c850000,0x000000404d050000)]
  0x000001cbe73ef000 JavaThread "Signal Dispatcher" daemon [_thread_blocked, id=9460, stack(0x000000404d050000,0x000000404d850000)]
  0x000001cbe743c000 JavaThread "Attach Listener" daemon [_thread_blocked, id=27752, stack(0x000000404d850000,0x000000404e050000)]
  0x000001cbe7445800 JavaThread "C2 CompilerThread0" daemon [_thread_blocked, id=33592, stack(0x000000404e050000,0x000000404e850000)]
  0x000001cbe7446800 JavaThread "C1 CompilerThread0" daemon [_thread_blocked, id=10404, stack(0x000000404e850000,0x000000404f050000)]
  0x000001cbe7449800 JavaThread "Sweeper thread" daemon [_thread_blocked, id=1576, stack(0x000000404f050000,0x000000404f850000)]
  0x000001cbe754e800 JavaThread "Service Thread" daemon [_thread_blocked, id=25288, stack(0x000000404f850000,0x0000004050050000)]
  0x000001cbe75c6800 JavaThread "Common-Cleaner" daemon [_thread_blocked, id=11288, stack(0x0000004050850000,0x0000004051050000)]
  0x000001cbe7667800 JavaThread "pool-1-thread-1" [_thread_blocked, id=23000, stack(0x0000004051050000,0x0000004051850000)]
  0x000001cbea642000 JavaThread "Timer-10" [_thread_blocked, id=21492, stack(0x0000004055850000,0x0000004056050000)]
  0x000001cbea643000 JavaThread "Timer-12" [_thread_blocked, id=32940, stack(0x000000405c850000,0x000000405d050000)]
  0x000001cbea640800 JavaThread "Timer-13" [_thread_blocked, id=14728, stack(0x000000405d050000,0x000000405d850000)]
=>0x000001cbea63f800 JavaThread "Timer-11" [_thread_in_native, id=35076, stack(0x000000405d850000,0x000000405e050000)]
  0x000001cbea63d800 JavaThread "Timer-16" [_thread_blocked, id=20360, stack(0x000000405e050000,0x000000405e850000)]
  0x000001cbea641800 JavaThread "Timer-15" [_thread_blocked, id=14788, stack(0x000000405e850000,0x000000405f050000)]
  0x000001cbea644000 JavaThread "Timer-14" [_thread_blocked, id=30364, stack(0x000000405f050000,0x000000405f850000)]
  0x000001cbea63e000 JavaThread "Timer-17" [_thread_blocked, id=4976, stack(0x000000405f850000,0x0000004060050000)]
  0x000001cbea647000 JavaThread "Timer-18" [_thread_blocked, id=28992, stack(0x0000004054050000,0x0000004054850000)]
  0x000001cbea649800 JavaThread "Timer-19" [_thread_in_native, id=15392, stack(0x0000004055050000,0x0000004055850000)]

Other Threads:
  0x000001cbc21da800 VMThread "VM Thread" [stack: 0x000000404b850000,0x000000404c050000] [id=33700]
  0x000001cbe7579000 WatcherThread [stack: 0x0000004050050000,0x0000004050850000] [id=20472]
  0x000001cbc2000800 GCTaskThread "GC Thread#0" [stack: 0x0000004049050000,0x0000004049850000] [id=9100]
  0x000001cbe8044000 GCTaskThread "GC Thread#1" [stack: 0x0000004052050000,0x0000004052850000] [id=11956]
  0x000001cbe8045000 GCTaskThread "GC Thread#2" [stack: 0x0000004052850000,0x0000004053050000] [id=30208]
  0x000001cbe8045800 GCTaskThread "GC Thread#3" [stack: 0x0000004053050000,0x0000004053850000] [id=38488]
  0x000001cbc202f800 ConcurrentGCThread "G1 Main Marker" [stack: 0x0000004049850000,0x000000404a050000] [id=12476]
  0x000001cbc2035000 ConcurrentGCThread "G1 Conc#0" [stack: 0x000000404a050000,0x000000404a850000] [id=35020]
  0x000001cbc20c7000 ConcurrentGCThread "G1 Refine#0" [stack: 0x000000404a850000,0x000000404b050000] [id=16052]
  0x000001cbc20c8000 ConcurrentGCThread "G1 Young RemSet Sampling" [stack: 0x000000404b050000,0x000000404b850000] [id=11752]

Threads with active compile tasks:

VM state:not at safepoint (normal execution)

VM Mutex/Monitor currently owned by a thread: None

Heap address: 0x0000000083200000, size: 1998 MB, Compressed Oops mode: 32-bit
Narrow klass base: 0x0000000000000000, Narrow klass shift: 3
Compressed class space size: 1073741824 Address: 0x0000000100000000

Heap:
 garbage-first heap   total 129024K, used 17868K [0x0000000083200000, 0x0000000100000000)
  region size 1024K, 17 young (17408K), 2 survivors (2048K)
 Metaspace       used 17964K, capacity 18064K, committed 18176K, reserved 1064960K
  class space    used 2518K, capacity 2556K, committed 2560K, reserved 1048576K
Heap Regions: E=young(eden), S=young(survivor), O=old, HS=humongous(starts), HC=humongous(continues), CS=collection set, F=free, A=archive, TAMS=top-at-mark-start (previous, next)
|   0|0x0000000083200000, 0x0000000083300000, 0x0000000083300000|100%|HS|  |TAMS 0x0000000083200000, 0x0000000083200000| Complete 
|   1|0x0000000083300000, 0x0000000083400000, 0x0000000083400000|100%|HC|  |TAMS 0x0000000083300000, 0x0000000083300000| Complete 
|   2|0x0000000083400000, 0x0000000083400000, 0x0000000083500000|  0%| F|  |TAMS 0x0000000083400000, 0x0000000083400000| Untracked 
|   3|0x0000000083500000, 0x0000000083500000, 0x0000000083600000|  0%| F|  |TAMS 0x0000000083500000, 0x0000000083500000| Untracked 
|   4|0x0000000083600000, 0x0000000083600000, 0x0000000083700000|  0%| F|  |TAMS 0x0000000083600000, 0x0000000083600000| Untracked 
|   5|0x0000000083700000, 0x0000000083700000, 0x0000000083800000|  0%| F|  |TAMS 0x0000000083700000, 0x0000000083700000| Untracked 
|   6|0x0000000083800000, 0x0000000083800000, 0x0000000083900000|  0%| F|  |TAMS 0x0000000083800000, 0x0000000083800000| Untracked 
|   7|0x0000000083900000, 0x0000000083900000, 0x0000000083a00000|  0%| F|  |TAMS 0x0000000083900000, 0x0000000083900000| Untracked 
|   8|0x0000000083a00000, 0x0000000083a00000, 0x0000000083b00000|  0%| F|  |TAMS 0x0000000083a00000, 0x0000000083a00000| Untracked 
|   9|0x0000000083b00000, 0x0000000083b00000, 0x0000000083c00000|  0%| F|  |TAMS 0x0000000083b00000, 0x0000000083b00000| Untracked 
|  10|0x0000000083c00000, 0x0000000083c00000, 0x0000000083d00000|  0%| F|  |TAMS 0x0000000083c00000, 0x0000000083c00000| Untracked 
|  11|0x0000000083d00000, 0x0000000083d00000, 0x0000000083e00000|  0%| F|  |TAMS 0x0000000083d00000, 0x0000000083d00000| Untracked 
|  12|0x0000000083e00000, 0x0000000083e00000, 0x0000000083f00000|  0%| F|  |TAMS 0x0000000083e00000, 0x0000000083e00000| Untracked 
|  13|0x0000000083f00000, 0x0000000083f00000, 0x0000000084000000|  0%| F|  |TAMS 0x0000000083f00000, 0x0000000083f00000| Untracked 
|  14|0x0000000084000000, 0x0000000084000000, 0x0000000084100000|  0%| F|  |TAMS 0x0000000084000000, 0x0000000084000000| Untracked 
|  15|0x0000000084100000, 0x0000000084100000, 0x0000000084200000|  0%| F|  |TAMS 0x0000000084100000, 0x0000000084100000| Untracked 
|  16|0x0000000084200000, 0x0000000084200000, 0x0000000084300000|  0%| F|  |TAMS 0x0000000084200000, 0x0000000084200000| Untracked 
|  17|0x0000000084300000, 0x0000000084300000, 0x0000000084400000|  0%| F|  |TAMS 0x0000000084300000, 0x0000000084300000| Untracked 
|  18|0x0000000084400000, 0x0000000084400000, 0x0000000084500000|  0%| F|  |TAMS 0x0000000084400000, 0x0000000084400000| Untracked 
|  19|0x0000000084500000, 0x0000000084500000, 0x0000000084600000|  0%| F|  |TAMS 0x0000000084500000, 0x0000000084500000| Untracked 
|  20|0x0000000084600000, 0x0000000084600000, 0x0000000084700000|  0%| F|  |TAMS 0x0000000084600000, 0x0000000084600000| Untracked 
|  21|0x0000000084700000, 0x0000000084700000, 0x0000000084800000|  0%| F|  |TAMS 0x0000000084700000, 0x0000000084700000| Untracked 
|  22|0x0000000084800000, 0x0000000084800000, 0x0000000084900000|  0%| F|  |TAMS 0x0000000084800000, 0x0000000084800000| Untracked 
|  23|0x0000000084900000, 0x0000000084900000, 0x0000000084a00000|  0%| F|  |TAMS 0x0000000084900000, 0x0000000084900000| Untracked 
|  24|0x0000000084a00000, 0x0000000084a00000, 0x0000000084b00000|  0%| F|  |TAMS 0x0000000084a00000, 0x0000000084a00000| Untracked 
|  25|0x0000000084b00000, 0x0000000084b00000, 0x0000000084c00000|  0%| F|  |TAMS 0x0000000084b00000, 0x0000000084b00000| Untracked 
|  26|0x0000000084c00000, 0x0000000084c00000, 0x0000000084d00000|  0%| F|  |TAMS 0x0000000084c00000, 0x0000000084c00000| Untracked 
|  27|0x0000000084d00000, 0x0000000084d00000, 0x0000000084e00000|  0%| F|  |TAMS 0x0000000084d00000, 0x0000000084d00000| Untracked 
|  28|0x0000000084e00000, 0x0000000084e00000, 0x0000000084f00000|  0%| F|  |TAMS 0x0000000084e00000, 0x0000000084e00000| Untracked 
|  29|0x0000000084f00000, 0x0000000084f00000, 0x0000000085000000|  0%| F|  |TAMS 0x0000000084f00000, 0x0000000084f00000| Untracked 
|  30|0x0000000085000000, 0x0000000085000000, 0x0000000085100000|  0%| F|  |TAMS 0x0000000085000000, 0x0000000085000000| Untracked 
|  31|0x0000000085100000, 0x0000000085100000, 0x0000000085200000|  0%| F|  |TAMS 0x0000000085100000, 0x0000000085100000| Untracked 
|  32|0x0000000085200000, 0x0000000085200000, 0x0000000085300000|  0%| F|  |TAMS 0x0000000085200000, 0x0000000085200000| Untracked 
|  33|0x0000000085300000, 0x0000000085300000, 0x0000000085400000|  0%| F|  |TAMS 0x0000000085300000, 0x0000000085300000| Untracked 
|  34|0x0000000085400000, 0x0000000085400000, 0x0000000085500000|  0%| F|  |TAMS 0x0000000085400000, 0x0000000085400000| Untracked 
|  35|0x0000000085500000, 0x0000000085500000, 0x0000000085600000|  0%| F|  |TAMS 0x0000000085500000, 0x0000000085500000| Untracked 
|  36|0x0000000085600000, 0x0000000085600000, 0x0000000085700000|  0%| F|  |TAMS 0x0000000085600000, 0x0000000085600000| Untracked 
|  37|0x0000000085700000, 0x0000000085700000, 0x0000000085800000|  0%| F|  |TAMS 0x0000000085700000, 0x0000000085700000| Untracked 
|  38|0x0000000085800000, 0x0000000085800000, 0x0000000085900000|  0%| F|  |TAMS 0x0000000085800000, 0x0000000085800000| Untracked 
|  39|0x0000000085900000, 0x0000000085900000, 0x0000000085a00000|  0%| F|  |TAMS 0x0000000085900000, 0x0000000085900000| Untracked 
|  40|0x0000000085a00000, 0x0000000085a00000, 0x0000000085b00000|  0%| F|  |TAMS 0x0000000085a00000, 0x0000000085a00000| Untracked 
|  41|0x0000000085b00000, 0x0000000085b00000, 0x0000000085c00000|  0%| F|  |TAMS 0x0000000085b00000, 0x0000000085b00000| Untracked 
|  42|0x0000000085c00000, 0x0000000085c00000, 0x0000000085d00000|  0%| F|  |TAMS 0x0000000085c00000, 0x0000000085c00000| Untracked 
|  43|0x0000000085d00000, 0x0000000085d00000, 0x0000000085e00000|  0%| F|  |TAMS 0x0000000085d00000, 0x0000000085d00000| Untracked 
|  44|0x0000000085e00000, 0x0000000085e00000, 0x0000000085f00000|  0%| F|  |TAMS 0x0000000085e00000, 0x0000000085e00000| Untracked 
|  45|0x0000000085f00000, 0x0000000085f00000, 0x0000000086000000|  0%| F|  |TAMS 0x0000000085f00000, 0x0000000085f00000| Untracked 
|  46|0x0000000086000000, 0x0000000086000000, 0x0000000086100000|  0%| F|  |TAMS 0x0000000086000000, 0x0000000086000000| Untracked 
|  47|0x0000000086100000, 0x0000000086100000, 0x0000000086200000|  0%| F|  |TAMS 0x0000000086100000, 0x0000000086100000| Untracked 
|  48|0x0000000086200000, 0x0000000086200000, 0x0000000086300000|  0%| F|  |TAMS 0x0000000086200000, 0x0000000086200000| Untracked 
|  49|0x0000000086300000, 0x0000000086300000, 0x0000000086400000|  0%| F|  |TAMS 0x0000000086300000, 0x0000000086300000| Untracked 
|  50|0x0000000086400000, 0x0000000086400000, 0x0000000086500000|  0%| F|  |TAMS 0x0000000086400000, 0x0000000086400000| Untracked 
|  51|0x0000000086500000, 0x0000000086500000, 0x0000000086600000|  0%| F|  |TAMS 0x0000000086500000, 0x0000000086500000| Untracked 
|  52|0x0000000086600000, 0x0000000086600000, 0x0000000086700000|  0%| F|  |TAMS 0x0000000086600000, 0x0000000086600000| Untracked 
|  53|0x0000000086700000, 0x0000000086700000, 0x0000000086800000|  0%| F|  |TAMS 0x0000000086700000, 0x0000000086700000| Untracked 
|  54|0x0000000086800000, 0x0000000086800000, 0x0000000086900000|  0%| F|  |TAMS 0x0000000086800000, 0x0000000086800000| Untracked 
|  55|0x0000000086900000, 0x0000000086900000, 0x0000000086a00000|  0%| F|  |TAMS 0x0000000086900000, 0x0000000086900000| Untracked 
|  56|0x0000000086a00000, 0x0000000086a00000, 0x0000000086b00000|  0%| F|  |TAMS 0x0000000086a00000, 0x0000000086a00000| Untracked 
|  57|0x0000000086b00000, 0x0000000086b00000, 0x0000000086c00000|  0%| F|  |TAMS 0x0000000086b00000, 0x0000000086b00000| Untracked 
|  58|0x0000000086c00000, 0x0000000086c00000, 0x0000000086d00000|  0%| F|  |TAMS 0x0000000086c00000, 0x0000000086c00000| Untracked 
|  59|0x0000000086d00000, 0x0000000086d00000, 0x0000000086e00000|  0%| F|  |TAMS 0x0000000086d00000, 0x0000000086d00000| Untracked 
|  60|0x0000000086e00000, 0x0000000086e00000, 0x0000000086f00000|  0%| F|  |TAMS 0x0000000086e00000, 0x0000000086e00000| Untracked 
|  61|0x0000000086f00000, 0x0000000086f00000, 0x0000000087000000|  0%| F|  |TAMS 0x0000000086f00000, 0x0000000086f00000| Untracked 
|  62|0x0000000087000000, 0x0000000087000000, 0x0000000087100000|  0%| F|  |TAMS 0x0000000087000000, 0x0000000087000000| Untracked 
|  63|0x0000000087100000, 0x0000000087100000, 0x0000000087200000|  0%| F|  |TAMS 0x0000000087100000, 0x0000000087100000| Untracked 
|  64|0x0000000087200000, 0x0000000087200000, 0x0000000087300000|  0%| F|  |TAMS 0x0000000087200000, 0x0000000087200000| Untracked 
|  65|0x0000000087300000, 0x0000000087300000, 0x0000000087400000|  0%| F|  |TAMS 0x0000000087300000, 0x0000000087300000| Untracked 
|  66|0x0000000087400000, 0x0000000087400000, 0x0000000087500000|  0%| F|  |TAMS 0x0000000087400000, 0x0000000087400000| Untracked 
|  67|0x0000000087500000, 0x0000000087500000, 0x0000000087600000|  0%| F|  |TAMS 0x0000000087500000, 0x0000000087500000| Untracked 
|  68|0x0000000087600000, 0x0000000087600000, 0x0000000087700000|  0%| F|  |TAMS 0x0000000087600000, 0x0000000087600000| Untracked 
|  69|0x0000000087700000, 0x0000000087700000, 0x0000000087800000|  0%| F|  |TAMS 0x0000000087700000, 0x0000000087700000| Untracked 
|  70|0x0000000087800000, 0x0000000087800000, 0x0000000087900000|  0%| F|  |TAMS 0x0000000087800000, 0x0000000087800000| Untracked 
|  71|0x0000000087900000, 0x0000000087900000, 0x0000000087a00000|  0%| F|  |TAMS 0x0000000087900000, 0x0000000087900000| Untracked 
|  72|0x0000000087a00000, 0x0000000087a00000, 0x0000000087b00000|  0%| F|  |TAMS 0x0000000087a00000, 0x0000000087a00000| Untracked 
|  73|0x0000000087b00000, 0x0000000087b00000, 0x0000000087c00000|  0%| F|  |TAMS 0x0000000087b00000, 0x0000000087b00000| Untracked 
|  74|0x0000000087c00000, 0x0000000087c00000, 0x0000000087d00000|  0%| F|  |TAMS 0x0000000087c00000, 0x0000000087c00000| Untracked 
|  75|0x0000000087d00000, 0x0000000087d00000, 0x0000000087e00000|  0%| F|  |TAMS 0x0000000087d00000, 0x0000000087d00000| Untracked 
|  76|0x0000000087e00000, 0x0000000087e00000, 0x0000000087f00000|  0%| F|  |TAMS 0x0000000087e00000, 0x0000000087e00000| Untracked 
|  77|0x0000000087f00000, 0x0000000087f00000, 0x0000000088000000|  0%| F|  |TAMS 0x0000000087f00000, 0x0000000087f00000| Untracked 
|  78|0x0000000088000000, 0x0000000088000000, 0x0000000088100000|  0%| F|  |TAMS 0x0000000088000000, 0x0000000088000000| Untracked 
|  79|0x0000000088100000, 0x0000000088100000, 0x0000000088200000|  0%| F|  |TAMS 0x0000000088100000, 0x0000000088100000| Untracked 
|  80|0x0000000088200000, 0x0000000088200000, 0x0000000088300000|  0%| F|  |TAMS 0x0000000088200000, 0x0000000088200000| Untracked 
|  81|0x0000000088300000, 0x0000000088300000, 0x0000000088400000|  0%| F|  |TAMS 0x0000000088300000, 0x0000000088300000| Untracked 
|  82|0x0000000088400000, 0x0000000088400000, 0x0000000088500000|  0%| F|  |TAMS 0x0000000088400000, 0x0000000088400000| Untracked 
|  83|0x0000000088500000, 0x0000000088500000, 0x0000000088600000|  0%| F|  |TAMS 0x0000000088500000, 0x0000000088500000| Untracked 
|  84|0x0000000088600000, 0x0000000088600000, 0x0000000088700000|  0%| F|  |TAMS 0x0000000088600000, 0x0000000088600000| Untracked 
|  85|0x0000000088700000, 0x0000000088700000, 0x0000000088800000|  0%| F|  |TAMS 0x0000000088700000, 0x0000000088700000| Untracked 
|  86|0x0000000088800000, 0x0000000088800000, 0x0000000088900000|  0%| F|  |TAMS 0x0000000088800000, 0x0000000088800000| Untracked 
|  87|0x0000000088900000, 0x0000000088900000, 0x0000000088a00000|  0%| F|  |TAMS 0x0000000088900000, 0x0000000088900000| Untracked 
|  88|0x0000000088a00000, 0x0000000088a00000, 0x0000000088b00000|  0%| F|  |TAMS 0x0000000088a00000, 0x0000000088a00000| Untracked 
|  89|0x0000000088b00000, 0x0000000088b00000, 0x0000000088c00000|  0%| F|  |TAMS 0x0000000088b00000, 0x0000000088b00000| Untracked 
|  90|0x0000000088c00000, 0x0000000088c00000, 0x0000000088d00000|  0%| F|  |TAMS 0x0000000088c00000, 0x0000000088c00000| Untracked 
|  91|0x0000000088d00000, 0x0000000088d00000, 0x0000000088e00000|  0%| F|  |TAMS 0x0000000088d00000, 0x0000000088d00000| Untracked 
|  92|0x0000000088e00000, 0x0000000088e00000, 0x0000000088f00000|  0%| F|  |TAMS 0x0000000088e00000, 0x0000000088e00000| Untracked 
|  93|0x0000000088f00000, 0x0000000088f00000, 0x0000000089000000|  0%| F|  |TAMS 0x0000000088f00000, 0x0000000088f00000| Untracked 
|  94|0x0000000089000000, 0x0000000089000000, 0x0000000089100000|  0%| F|  |TAMS 0x0000000089000000, 0x0000000089000000| Untracked 
|  95|0x0000000089100000, 0x0000000089100000, 0x0000000089200000|  0%| F|  |TAMS 0x0000000089100000, 0x0000000089100000| Untracked 
|  96|0x0000000089200000, 0x0000000089200000, 0x0000000089300000|  0%| F|  |TAMS 0x0000000089200000, 0x0000000089200000| Untracked 
|  97|0x0000000089300000, 0x0000000089300000, 0x0000000089400000|  0%| F|  |TAMS 0x0000000089300000, 0x0000000089300000| Untracked 
|  98|0x0000000089400000, 0x0000000089400000, 0x0000000089500000|  0%| F|  |TAMS 0x0000000089400000, 0x0000000089400000| Untracked 
|  99|0x0000000089500000, 0x0000000089500000, 0x0000000089600000|  0%| F|  |TAMS 0x0000000089500000, 0x0000000089500000| Untracked 
| 100|0x0000000089600000, 0x0000000089673070, 0x0000000089700000| 44%| S|CS|TAMS 0x0000000089600000, 0x0000000089600000| Complete 
| 101|0x0000000089700000, 0x0000000089800000, 0x0000000089800000|100%| S|CS|TAMS 0x0000000089700000, 0x0000000089700000| Complete 
| 102|0x0000000089800000, 0x0000000089800000, 0x0000000089900000|  0%| F|  |TAMS 0x0000000089800000, 0x0000000089800000| Untracked 
| 103|0x0000000089900000, 0x0000000089900000, 0x0000000089a00000|  0%| F|  |TAMS 0x0000000089900000, 0x0000000089900000| Untracked 
| 104|0x0000000089a00000, 0x0000000089a00000, 0x0000000089b00000|  0%| F|  |TAMS 0x0000000089a00000, 0x0000000089a00000| Untracked 
| 105|0x0000000089b00000, 0x0000000089b00000, 0x0000000089c00000|  0%| F|  |TAMS 0x0000000089b00000, 0x0000000089b00000| Untracked 
| 106|0x0000000089c00000, 0x0000000089c00000, 0x0000000089d00000|  0%| F|  |TAMS 0x0000000089c00000, 0x0000000089c00000| Untracked 
| 107|0x0000000089d00000, 0x0000000089d00000, 0x0000000089e00000|  0%| F|  |TAMS 0x0000000089d00000, 0x0000000089d00000| Untracked 
| 108|0x0000000089e00000, 0x0000000089e00000, 0x0000000089f00000|  0%| F|  |TAMS 0x0000000089e00000, 0x0000000089e00000| Untracked 
| 109|0x0000000089f00000, 0x0000000089f00000, 0x000000008a000000|  0%| F|  |TAMS 0x0000000089f00000, 0x0000000089f00000| Untracked 
| 110|0x000000008a000000, 0x000000008a000000, 0x000000008a100000|  0%| F|  |TAMS 0x000000008a000000, 0x000000008a000000| Untracked 
| 111|0x000000008a100000, 0x000000008a1f9b08, 0x000000008a200000| 97%| E|  |TAMS 0x000000008a100000, 0x000000008a100000| Complete 
| 112|0x000000008a200000, 0x000000008a300000, 0x000000008a300000|100%| E|CS|TAMS 0x000000008a200000, 0x000000008a200000| Complete 
| 113|0x000000008a300000, 0x000000008a400000, 0x000000008a400000|100%| E|CS|TAMS 0x000000008a300000, 0x000000008a300000| Complete 
| 114|0x000000008a400000, 0x000000008a500000, 0x000000008a500000|100%| E|CS|TAMS 0x000000008a400000, 0x000000008a400000| Complete 
| 115|0x000000008a500000, 0x000000008a600000, 0x000000008a600000|100%| E|CS|TAMS 0x000000008a500000, 0x000000008a500000| Complete 
| 116|0x000000008a600000, 0x000000008a700000, 0x000000008a700000|100%| E|CS|TAMS 0x000000008a600000, 0x000000008a600000| Complete 
| 117|0x000000008a700000, 0x000000008a800000, 0x000000008a800000|100%| E|CS|TAMS 0x000000008a700000, 0x000000008a700000| Complete 
| 118|0x000000008a800000, 0x000000008a900000, 0x000000008a900000|100%| E|CS|TAMS 0x000000008a800000, 0x000000008a800000| Complete 
| 119|0x000000008a900000, 0x000000008aa00000, 0x000000008aa00000|100%| E|CS|TAMS 0x000000008a900000, 0x000000008a900000| Complete 
| 120|0x000000008aa00000, 0x000000008ab00000, 0x000000008ab00000|100%| E|CS|TAMS 0x000000008aa00000, 0x000000008aa00000| Complete 
| 121|0x000000008ab00000, 0x000000008ac00000, 0x000000008ac00000|100%| E|CS|TAMS 0x000000008ab00000, 0x000000008ab00000| Complete 
| 122|0x000000008ac00000, 0x000000008ad00000, 0x000000008ad00000|100%| E|CS|TAMS 0x000000008ac00000, 0x000000008ac00000| Complete 
| 123|0x000000008ad00000, 0x000000008ae00000, 0x000000008ae00000|100%| E|CS|TAMS 0x000000008ad00000, 0x000000008ad00000| Complete 
| 124|0x000000008ae00000, 0x000000008af00000, 0x000000008af00000|100%| E|CS|TAMS 0x000000008ae00000, 0x000000008ae00000| Complete 
| 125|0x000000008af00000, 0x000000008b000000, 0x000000008b000000|100%| E|CS|TAMS 0x000000008af00000, 0x000000008af00000| Complete 

Card table byte_map: [0x000001cbdfc80000,0x000001cbe0070000] _byte_map_base: 0x000001cbdf867000

Marking Bits (Prev, Next): (CMBitMap*) 0x000001cbc2027118, (CMBitMap*) 0x000001cbc2027150
 Prev Bits: [0x000001cbe0460000, 0x000001cbe2398000)
 Next Bits: [0x000001cbe23a0000, 0x000001cbe42d8000)

Polling page: 0x000001cbc0e70000

Metaspace:

Usage:
  Non-class:     15.14 MB capacity,    15.08 MB (>99%) used,    49.47 KB ( <1%) free+waste,    12.44 KB ( <1%) overhead. 
      Class:      2.50 MB capacity,     2.46 MB ( 99%) used,    31.95 KB (  1%) free+waste,     5.25 KB ( <1%) overhead. 
       Both:     17.64 MB capacity,    17.54 MB (>99%) used,    81.41 KB ( <1%) free+waste,    17.69 KB ( <1%) overhead. 

Virtual space:
  Non-class space:       16.00 MB reserved,      15.25 MB ( 95%) committed 
      Class space:        1.00 GB reserved,       2.50 MB ( <1%) committed 
             Both:        1.02 GB reserved,      17.75 MB (  2%) committed 

Chunk freelists:
   Non-Class:  5.50 KB
       Class:  512 bytes
        Both:  6.00 KB

CodeHeap 'non-profiled nmethods': size=120000Kb used=167Kb max_used=167Kb free=119832Kb
 bounds [0x000001cbd7f20000, 0x000001cbd8190000, 0x000001cbdf450000]
CodeHeap 'profiled nmethods': size=120000Kb used=1213Kb max_used=1213Kb free=118786Kb
 bounds [0x000001cbd09f0000, 0x000001cbd0c60000, 0x000001cbd7f20000]
CodeHeap 'non-nmethods': size=5760Kb used=1095Kb max_used=1107Kb free=4664Kb
 bounds [0x000001cbd0450000, 0x000001cbd06c0000, 0x000001cbd09f0000]
 total_blobs=1039 nmethods=630 adapters=329
 compilation: enabled
              stopped_count=0, restarted_count=0
 full_count=0

Compilation events (10 events):
Event: 9.799 Thread 0x000001cbe7446800  626       3       godot.core.VariantType$6::invoke (13 bytes)
Event: 9.799 Thread 0x000001cbe7446800 nmethod 626 0x000001cbd0b1c310 code [0x000001cbd0b1c4c0, 0x000001cbd0b1c6e8]
Event: 9.799 Thread 0x000001cbe7446800  627       3       godot.core.VariantType$6::invoke (79 bytes)
Event: 9.799 Thread 0x000001cbe7446800 nmethod 627 0x000001cbd0b1c790 code [0x000001cbd0b1caa0, 0x000001cbd0b1daf8]
Event: 9.976 Thread 0x000001cbe7446800  628       3       java.util.TaskQueue::fixDown (108 bytes)
Event: 9.977 Thread 0x000001cbe7446800 nmethod 628 0x000001cbd0b1e110 code [0x000001cbd0b1e300, 0x000001cbd0b1e978]
Event: 9.983 Thread 0x000001cbe7446800  629       3       kotlin.jvm.internal.Intrinsics::checkNotNull (8 bytes)
Event: 9.983 Thread 0x000001cbe7446800 nmethod 629 0x000001cbd0b1ec10 code [0x000001cbd0b1ee00, 0x000001cbd0b1f2a8]
Event: 9.997 Thread 0x000001cbe7445800  630       4       kotlin.UnsafeLazyImpl::getValue (40 bytes)
Event: 9.999 Thread 0x000001cbe7445800 nmethod 630 0x000001cbd7f49810 code [0x000001cbd7f499c0, 0x000001cbd7f49bd8]

GC Heap History (2 events):
Event: 0.480 GC heap before
{Heap before GC invocations=0 (full 0):
 garbage-first heap   total 129024K, used 27648K [0x0000000083200000, 0x0000000100000000)
  region size 1024K, 24 young (24576K), 0 survivors (0K)
 Metaspace       used 14632K, capacity 14800K, committed 14976K, reserved 1062912K
  class space    used 1824K, capacity 1874K, committed 1920K, reserved 1048576K
}
Event: 0.483 GC heap after
{Heap after GC invocations=1 (full 0):
 garbage-first heap   total 129024K, used 3532K [0x0000000083200000, 0x0000000100000000)
  region size 1024K, 2 young (2048K), 2 survivors (2048K)
 Metaspace       used 14632K, capacity 14800K, committed 14976K, reserved 1062912K
  class space    used 1824K, capacity 1874K, committed 1920K, reserved 1048576K
}

Deoptimization events (3 events):
Event: 0.573 Thread 0x000001cbc1fdc000 Uncommon trap: reason=unstable_if action=reinterpret pc=0x000001cbd7f3d700 method=java.util.ArrayList$Itr.hasNext()Z @ 11 c2
Event: 0.614 Thread 0x000001cbc1fdc000 Uncommon trap: reason=unstable_if action=reinterpret pc=0x000001cbd7f38e88 method=java.util.zip.ZipFile$Source.getEntryPos([BZ)I @ 36 c2
Event: 6.670 Thread 0x000001cbea63f800 Uncommon trap: reason=unstable_if action=reinterpret pc=0x000001cbd7f48180 method=kotlin.UnsafeLazyImpl.getValue()Ljava/lang/Object; @ 7 c2

Classes redefined (0 events):
No events

Internal exceptions (0 events):
No events

Events (10 events):
Event: 1.388 loading class java/lang/Long$LongCache done
Event: 1.389 loading class java/lang/StrictMath
Event: 1.389 loading class java/lang/StrictMath done
Event: 6.670 Thread 0x000001cbea63f800 Uncommon trap: trap_request=0xffffff4d fr.pc=0x000001cbd7f48180 relative=0x0000000000000060
Event: 6.670 Thread 0x000001cbea63f800 DEOPT PACKING pc=0x000001cbd7f48180 sp=0x000000405e04ed40
Event: 6.670 Thread 0x000001cbea63f800 DEOPT UNPACKING pc=0x000001cbd04778af sp=0x000000405e04ecd0 mode 2
Event: 6.896 loading class kotlin/jvm/internal/TypeIntrinsics
Event: 6.896 loading class kotlin/jvm/internal/TypeIntrinsics done
Event: 9.976 Executing VM operation: RevokeBias
Event: 9.976 Executing VM operation: RevokeBias done


Dynamic libraries:
0x00007ff6f57e0000 - 0x00007ff6f988b000 	C:\Program Files\Godot Kotlin\godot.windows.opt.tools.64.exe
0x00007ffc40390000 - 0x00007ffc40585000 	C:\Windows\SYSTEM32\ntdll.dll
0x00007ffc19000000 - 0x00007ffc19016000 	C:\Program Files\AVG\Antivirus\aswhook.dll
0x00007ffc40290000 - 0x00007ffc4034e000 	C:\Windows\System32\KERNEL32.DLL
0x00007ffc3e110000 - 0x00007ffc3e3d8000 	C:\Windows\System32\KERNELBASE.dll
0x00007ffc3e9b0000 - 0x00007ffc3eada000 	C:\Windows\System32\ole32.dll
0x00007ffc3dae0000 - 0x00007ffc3dbe0000 	C:\Windows\System32\ucrtbase.dll
0x00007ffc3fb90000 - 0x00007ffc3fcba000 	C:\Windows\System32\RPCRT4.dll
0x00007ffc2a100000 - 0x00007ffc2a225000 	C:\Windows\SYSTEM32\OPENGL32.dll
0x00007ffc370d0000 - 0x00007ffc370f7000 	C:\Windows\SYSTEM32\WINMM.dll
0x00007ffc3e3e0000 - 0x00007ffc3e47e000 	C:\Windows\System32\msvcrt.dll
0x00007ffc3e5c0000 - 0x00007ffc3e915000 	C:\Windows\System32\combase.dll
0x00007ffc3f6e0000 - 0x00007ffc3f78c000 	C:\Windows\System32\ADVAPI32.dll
0x00007ffc3e480000 - 0x00007ffc3e4ab000 	C:\Windows\System32\GDI32.dll
0x00007ffc3f350000 - 0x00007ffc3f3eb000 	C:\Windows\System32\sechost.dll
0x00007ffc3dee0000 - 0x00007ffc3df02000 	C:\Windows\System32\win32u.dll
0x00007ffc3ddd0000 - 0x00007ffc3dedb000 	C:\Windows\System32\gdi32full.dll
0x00007ffc3f4d0000 - 0x00007ffc3f671000 	C:\Windows\System32\USER32.dll
0x00007ffc3dfc0000 - 0x00007ffc3e05d000 	C:\Windows\System32\msvcp_win.dll
0x00007ffc3eae0000 - 0x00007ffc3f21f000 	C:\Windows\System32\SHELL32.dll
0x00007ffc2eeb0000 - 0x00007ffc2eedc000 	C:\Windows\SYSTEM32\GLU32.dll
0x00007ffc3fae0000 - 0x00007ffc3fb10000 	C:\Windows\System32\IMM32.dll
0x00007ffc3f680000 - 0x00007ffc3f6d5000 	C:\Windows\System32\SHLWAPI.dll
0x00007ffc2e270000 - 0x00007ffc2e2b5000 	C:\Windows\SYSTEM32\DINPUT8.dll
0x00007ffc40220000 - 0x00007ffc4028b000 	C:\Windows\System32\WS2_32.dll
0x00007ffc332e0000 - 0x00007ffc332ea000 	C:\Windows\SYSTEM32\AVRT.dll
0x00007ffc3a680000 - 0x00007ffc3a6af000 	C:\Windows\SYSTEM32\dwmapi.dll
0x00007ffc3dab0000 - 0x00007ffc3dad7000 	C:\Windows\System32\bcrypt.dll
0x00007ffc3d450000 - 0x00007ffc3d634000 	C:\Windows\SYSTEM32\dbghelp.dll
0x00007ffc3c830000 - 0x00007ffc3c86b000 	C:\Windows\SYSTEM32\IPHLPAPI.DLL
0x00007ffc1d920000 - 0x00007ffc1d929000 	C:\Windows\SYSTEM32\WSOCK32.dll
0x00007ffc2bf20000 - 0x00007ffc2c072000 	C:\Windows\SYSTEM32\inputhost.dll
0x00007ffc3f2a0000 - 0x00007ffc3f34d000 	C:\Windows\System32\shcore.dll
0x00007ffc3fcd0000 - 0x00007ffc3fd9d000 	C:\Windows\System32\OLEAUT32.dll
0x00007ffc36dd0000 - 0x00007ffc36ec2000 	C:\Windows\SYSTEM32\CoreMessaging.dll
0x00007ffc35710000 - 0x00007ffc35864000 	C:\Windows\SYSTEM32\wintypes.dll
0x00007ffc34e00000 - 0x00007ffc34ef6000 	C:\Windows\SYSTEM32\PROPSYS.dll
0x00007ffc366f0000 - 0x00007ffc36a4e000 	C:\Windows\SYSTEM32\CoreUIComponents.dll
0x00007ffc3dbe0000 - 0x00007ffc3dc63000 	C:\Windows\System32\bcryptPrimitives.dll
0x00007ffc3d7f0000 - 0x00007ffc3d823000 	C:\Windows\SYSTEM32\ntmarta.dll
0x00007ffc3b510000 - 0x00007ffc3b522000 	C:\Windows\SYSTEM32\kernel.appcore.dll
0x00007ffc24d90000 - 0x00007ffc24dca000 	C:\Windows\SYSTEM32\wintab32.dll
0x00007ffc3cb00000 - 0x00007ffc3cb6a000 	C:\Windows\system32\mswsock.dll
0x00007ffc37360000 - 0x00007ffc373fe000 	C:\Windows\system32\uxtheme.dll
0x00007ffc0ae70000 - 0x00007ffc0af6c000 	C:\ProgramData\A-Volute\DellInc.AlienwareSoundCenter\Modules\ScheduledModules\x64\DellInc.AlienwareSoundCenterDevProps2.dll
0x00007ffc0b330000 - 0x00007ffc0b3dd000 	C:\ProgramData\A-Volute\DellInc.AlienwareSoundCenter\Modules\ScheduledModules\x64\NahimicOSD.dll
0x00007ffc34400000 - 0x00007ffc34421000 	C:\ProgramData\A-Volute\DellInc.AlienwareSoundCenter\Modules\ScheduledModules\x64\ProductInfo.dll
0x00007ffc3f7b0000 - 0x00007ffc3f8c5000 	C:\Windows\System32\MSCTF.dll
0x00007ffc3ad70000 - 0x00007ffc3b500000 	C:\Windows\SYSTEM32\windows.storage.dll
0x00007ffc3ce10000 - 0x00007ffc3ce3e000 	C:\Windows\SYSTEM32\Wldp.dll
0x00007ffc3e4b0000 - 0x00007ffc3e559000 	C:\Windows\System32\clbcatq.dll
0x00007ffbd0700000 - 0x00007ffbd3093000 	C:\Windows\System32\DriverStore\FileRepository\nvdm.inf_amd64_5848d6f3df1e6423\nvoglv64.dll
0x00007ffc3fda0000 - 0x00007ffc40212000 	C:\Windows\System32\SETUPAPI.dll
0x00007ffc3ad50000 - 0x00007ffc3ad5a000 	C:\Windows\SYSTEM32\VERSION.dll
0x00007ffc34130000 - 0x00007ffc34144000 	C:\Windows\SYSTEM32\WTSAPI32.dll
0x000001cbba7e0000 - 0x000001cbba82e000 	C:\Windows\System32\cfgmgr32.dll
0x00007ffc3d240000 - 0x00007ffc3d252000 	C:\Windows\SYSTEM32\msasn1.dll
0x00007ffc2fc90000 - 0x00007ffc2fcc1000 	C:\Windows\SYSTEM32\cryptnet.dll
0x00007ffc3dc70000 - 0x00007ffc3ddc6000 	C:\Windows\System32\CRYPT32.dll
0x00007ffc3cdd0000 - 0x00007ffc3cddc000 	C:\Windows\SYSTEM32\cryptbase.dll
0x00007ffc3d850000 - 0x00007ffc3d884000 	C:\Windows\System32\DEVOBJ.dll
0x00007ffc3e060000 - 0x00007ffc3e0c0000 	C:\Windows\System32\WINTRUST.dll
0x00007ffc2fe00000 - 0x00007ffc2fe3b000 	C:\Windows\SYSTEM32\dxcore.dll
0x00007ffbecdf0000 - 0x00007ffbed0a9000 	C:\Windows\system32\nvspcap64.dll
0x00007ffc3d9f0000 - 0x00007ffc3da0f000 	C:\Windows\SYSTEM32\profapi.dll
0x00007ffc3d6c0000 - 0x00007ffc3d70b000 	C:\Windows\SYSTEM32\powrprof.dll
0x00007ffc3d400000 - 0x00007ffc3d412000 	C:\Windows\SYSTEM32\UMPDC.dll
0x00007ffc3c1b0000 - 0x00007ffc3c20a000 	C:\Windows\SYSTEM32\WINSTA.dll
0x00007ffc32220000 - 0x00007ffc32231000 	C:\Windows\SYSTEM32\XInput1_4.dll
0x00007ffc3b500000 - 0x00007ffc3b50d000 	C:\Windows\SYSTEM32\HID.DLL
0x00007ffc23d40000 - 0x00007ffc23dc5000 	C:\Windows\System32\MMDevApi.dll
0x00007ffc2c2a0000 - 0x00007ffc2c421000 	C:\Windows\SYSTEM32\AudioSes.dll
0x00007ffc3a6b0000 - 0x00007ffc3a6c4000 	C:\Windows\SYSTEM32\resourcepolicyclient.dll
0x00007ffc2ea40000 - 0x00007ffc2eb39000 	C:\Windows\SYSTEM32\textinputframework.dll
0x00007ffc1aae0000 - 0x00007ffc1ab46000 	C:\Windows\system32\Oleacc.dll
0x00007ffc32270000 - 0x00007ffc3243e000 	C:\Windows\SYSTEM32\d3d9.dll
0x00007ffc3fb70000 - 0x00007ffc3fb8d000 	C:\Windows\System32\imagehlp.dll
0x00007ffc3d830000 - 0x00007ffc3d848000 	C:\Windows\SYSTEM32\CRYPTSP.dll
0x00007ffc3c4e0000 - 0x00007ffc3c514000 	C:\Windows\system32\rsaenh.dll
0x00007ffc3b580000 - 0x00007ffc3b674000 	C:\Windows\system32\dxgi.dll
0x00007ffc35870000 - 0x00007ffc35ad4000 	C:\Windows\system32\d3d11.dll
0x00007ffc37210000 - 0x00007ffc37315000 	C:\Windows\System32\DriverStore\FileRepository\nvdm.inf_amd64_5848d6f3df1e6423\nvldumdx.dll
0x00007ffbc3c10000 - 0x00007ffbc85e7000 	C:\Windows\System32\DriverStore\FileRepository\nvdm.inf_amd64_5848d6f3df1e6423\nvwgf2umx.dll
0x00007ffc2abb0000 - 0x00007ffc2b2a2000 	C:\Windows\SYSTEM32\nvapi64.dll
0x00007ffbde300000 - 0x00007ffbdf4e2000 	C:\Windows\System32\DriverStore\FileRepository\iigd_dch.inf_amd64_4de65d949492707a\igd10iumd64.dll
0x00007ffc3ce80000 - 0x00007ffc3cea7000 	C:\Windows\SYSTEM32\ncrypt.dll
0x00007ffc3ce40000 - 0x00007ffc3ce7b000 	C:\Windows\SYSTEM32\NTASN1.dll
0x00007ffbed800000 - 0x00007ffbedb36000 	C:\Windows\System32\DriverStore\FileRepository\iigd_dch.inf_amd64_4de65d949492707a\igdgmm64.dll
0x00007ffbd9350000 - 0x00007ffbdc0df000 	C:\Windows\System32\DriverStore\FileRepository\iigd_dch.inf_amd64_4de65d949492707a\igc64.dll
0x00007ffbdfed0000 - 0x00007ffbe09cb000 	C:\Users\morai\OneDrive\Documentos\GitLab\GodotImplementation\cmob-godotimplementation\GodotKotlin\CoreModelTrail\jre\bin\server\jvm.dll
0x00007ffc3fcc0000 - 0x00007ffc3fcc8000 	C:\Windows\System32\PSAPI.DLL
0x00007ffc0dce0000 - 0x00007ffc0dcfb000 	C:\Windows\SYSTEM32\VCRUNTIME140.dll
0x00007ffc32440000 - 0x00007ffc32450000 	C:\Users\morai\OneDrive\Documentos\GitLab\GodotImplementation\cmob-godotimplementation\GodotKotlin\CoreModelTrail\jre\bin\verify.dll
0x00007ffc3d420000 - 0x00007ffc3d44c000 	C:\Windows\SYSTEM32\dbgcore.DLL
0x00007ffc2e1f0000 - 0x00007ffc2e218000 	C:\Users\morai\OneDrive\Documentos\GitLab\GodotImplementation\cmob-godotimplementation\GodotKotlin\CoreModelTrail\jre\bin\java.dll
0x00007ffc2f5b0000 - 0x00007ffc2f5ba000 	C:\Users\morai\OneDrive\Documentos\GitLab\GodotImplementation\cmob-godotimplementation\GodotKotlin\CoreModelTrail\jre\bin\jimage.dll
0x00007ffc2dcf0000 - 0x00007ffc2dd06000 	C:\Users\morai\OneDrive\Documentos\GitLab\GodotImplementation\cmob-godotimplementation\GodotKotlin\CoreModelTrail\jre\bin\zip.dll
0x00007ffc03b30000 - 0x00007ffc03b49000 	C:\Users\morai\OneDrive\Documentos\GitLab\GodotImplementation\cmob-godotimplementation\GodotKotlin\CoreModelTrail\jre\bin\net.dll
0x00007ffc34690000 - 0x00007ffc3479c000 	C:\Windows\SYSTEM32\WINHTTP.dll
0x00007ffc039d0000 - 0x00007ffc039e2000 	C:\Users\morai\OneDrive\Documentos\GitLab\GodotImplementation\cmob-godotimplementation\GodotKotlin\CoreModelTrail\jre\bin\nio.dll

dbghelp: loaded successfully - version: 4.0.5 - missing functions: none
symbol engine: initialized successfully - sym options: 0x614 - pdb path: .;C:\Program Files\Godot Kotlin;C:\Windows\SYSTEM32;C:\Program Files\AVG\Antivirus;C:\ProgramData\A-Volute\DellInc.AlienwareSoundCenter\Modules\ScheduledModules\x64;C:\Windows\System32\DriverStore\FileRepository\nvdm.inf_amd64_5848d6f3df1e6423;C:\Windows\System32\DriverStore\FileRepository\iigd_dch.inf_amd64_4de65d949492707a;C:\Users\morai\OneDrive\Documentos\GitLab\GodotImplementation\cmob-godotimplementation\GodotKotlin\CoreModelTrail\jre\bin\server;C:\Users\morai\OneDrive\Documentos\GitLab\GodotImplementation\cmob-godotimplementation\GodotKotlin\CoreModelTrail\jre\bin

VM Arguments:
jvm_args: -Xcheck:jni 
java_command: <unknown>
java_class_path (initial): <not set>
Launcher Type: generic

[Global flags]
     intx CICompilerCount                          = 4                                         {product} {ergonomic}
     uint ConcGCThreads                            = 2                                         {product} {ergonomic}
     uint G1ConcRefinementThreads                  = 8                                         {product} {ergonomic}
   size_t G1HeapRegionSize                         = 1048576                                   {product} {ergonomic}
    uintx GCDrainStackTargetSize                   = 64                                        {product} {ergonomic}
   size_t InitialHeapSize                          = 132120576                                 {product} {ergonomic}
   size_t MarkStackSize                            = 4194304                                   {product} {ergonomic}
   size_t MaxHeapSize                              = 2095054848                                {product} {ergonomic}
   size_t MaxNewSize                               = 1256194048                                {product} {ergonomic}
   size_t MinHeapDeltaBytes                        = 1048576                                   {product} {ergonomic}
    uintx NonNMethodCodeHeapSize                   = 5836300                                {pd product} {ergonomic}
    uintx NonProfiledCodeHeapSize                  = 122910970                              {pd product} {ergonomic}
    uintx ProfiledCodeHeapSize                     = 122910970                              {pd product} {ergonomic}
    uintx ReservedCodeCacheSize                    = 251658240                              {pd product} {ergonomic}
     bool SegmentedCodeCache                       = true                                      {product} {ergonomic}
     bool UseCompressedClassPointers               = true                                 {lp64_product} {ergonomic}
     bool UseCompressedOops                        = true                                 {lp64_product} {ergonomic}
     bool UseG1GC                                  = true                                      {product} {ergonomic}
     bool UseLargePagesIndividualAllocation        = false                                  {pd product} {ergonomic}

Logging:
Log output configuration:
 #0: stdout all=warning uptime,level,tags
 #1: stderr all=off uptime,level,tags

Environment Variables:
JAVA_HOME=C:\Program Files\Java\jdk-11.0.10
PATH=C:\Program Files\Java\jdk-11.0.10\bin;C:\Program Files\Common Files\Oracle\Java\javapath;C:\Program Files (x86)\Common Files\Oracle\Java\javapath;C:\Windows\system32;C:\Windows;C:\Windows\System32\Wbem;C:\Windows\System32\WindowsPowerShell\v1.0\;C:\Windows\System32\OpenSSH\;C:\Program Files (x86)\NVIDIA Corporation\PhysX\Common;C:\Program Files\NVIDIA Corporation\NVIDIA NvDLISR;C:\Program Files\Git\cmd;C:\Users\morai\AppData\Local\Android\Sdk\platform-tools;C:\Users\morai\AppData\Local\Programs\Python\Python39\Scripts\;C:\Users\morai\AppData\Local\Programs\Python\Python39\;C:\Users\morai\AppData\Local\Microsoft\WindowsApps;;C:\Users\morai\AppData\Local\Programs\Microsoft VS Code\bin;C:\Program Files\JetBrains\PyCharm Community Edition 2020.3.5\bin;;C:\Program Files\JetBrains\IntelliJ IDEA Community Edition 2021.1\bin;;C:\intelFPGA_lite\17.1\modelsim_ase\win32aloem
USERNAME=morai
OS=Windows_NT
PROCESSOR_IDENTIFIER=Intel64 Family 6 Model 165 Stepping 2, GenuineIntel



---------------  S Y S T E M  ---------------

OS: Windows 10 , 64 bit Build 19041 (10.0.19041.1348)
Hyper-V role detected

CPU:total 8 (initial active 8) (4 cores per cpu, 2 threads per core) family 6 model 165 stepping 2 microcode 0xea, cmov, cx8, fxsr, mmx, sse, sse2, sse3, ssse3, sse4.1, sse4.2, popcnt, avx, avx2, aes, clmul, erms, 3dnowpref, lzcnt, ht, tsc, tscinvbit, bmi1, bmi2, adx, fma

Memory: 4k page, system-wide physical 7985M (908M free)
TotalPageFile size 26489M (AvailPageFile size 11163M)
current process WorkingSet (physical memory assigned to process): 211M, peak: 218M
current process commit charge ("private bytes"): 670M, peak: 789M

vm_info: Java HotSpot(TM) 64-Bit Server VM (11.0.10+8-LTS-162) for windows-amd64 JRE (11.0.10+8-LTS-162), built on Dec  8 2020 16:32:57 by "mach5one" with MS VC++ 15.9 (VS2017)

END.
